Log file open, 05/14/18 18:12:12
LogWindows: Failed to load 'aqProf.dll' (GetLastError=126)
LogWindows: File 'aqProf.dll' does not exist
LogWindows: Failed to load 'VtuneApi.dll' (GetLastError=126)
LogWindows: File 'VtuneApi.dll' does not exist
LogWindows: Failed to load 'VtuneApi32e.dll' (GetLastError=126)
LogWindows: File 'VtuneApi32e.dll' does not exist
LogInit: Display: Running engine for game: DarksoulsSwag
LogPlatformFile: Not using cached read wrapper
LogInit: Display: RandInit(984747707) SRandInit(984747707).
LogInit: Read version file with build ID '3944462'
LogInit: Overriding engine version to CL 4033788, compatible CL 3944462
LogInit: Registered custom module enumerator with build ID '3944462'
LogTaskGraph: Started task graph with 5 named threads and 23 total threads with 3 sets of task threads.
LogStats: Stats thread started at 0.254576
LogD3D11RHI: Aftermath initialized
LogICUInternationalization: Display: ICU TimeZone Detection - Raw Offset: -8:00, Platform Override: ''
LogModuleManager: Display: Found up-to-date module file ../../../Engine/Plugins/2D/Paper2D/Binaries/Win64/UE4Editor-Paper2D.dll (API version 3944462).
LogModuleManager: Display: Found up-to-date module file ../../../Engine/Plugins/2D/Paper2D/Binaries/Win64/UE4Editor-Paper2DEditor.dll (API version 3944462).
LogModuleManager: Display: Found up-to-date module file ../../../Engine/Plugins/2D/Paper2D/Binaries/Win64/UE4Editor-PaperSpriteSheetImporter.dll (API version 3944462).
LogModuleManager: Display: Found up-to-date module file ../../../Engine/Plugins/2D/Paper2D/Binaries/Win64/UE4Editor-PaperTiledImporter.dll (API version 3944462).
LogModuleManager: Display: Found up-to-date module file ../../../Engine/Plugins/2D/Paper2D/Binaries/Win64/UE4Editor-SmartSnapping.dll (API version 3944462).
LogModuleManager: Display: Found up-to-date module file ../../../Engine/Plugins/Blendables/LightPropagationVolume/Binaries/Win64/UE4Editor-LightPropagationVolumeRuntime.dll (API version 3944462).
LogModuleManager: Display: Found up-to-date module file ../../../Engine/Plugins/Blendables/LightPropagationVolume/Binaries/Win64/UE4Editor-LightPropagationVolumeEditor.dll (API version 3944462).
LogModuleManager: Display: Found up-to-date module file ../../../Engine/Plugins/Developer/CLionSourceCodeAccess/Binaries/Win64/UE4Editor-CLionSourceCodeAccess.dll (API version 3944462).
LogModuleManager: Display: Found up-to-date module file ../../../Engine/Plugins/Developer/GitSourceControl/Binaries/Win64/UE4Editor-GitSourceControl.dll (API version 3944462).
LogModuleManager: Display: Found up-to-date module file ../../../Engine/Plugins/Developer/PerforceSourceControl/Binaries/Win64/UE4Editor-PerforceSourceControl.dll (API version 3944462).
LogModuleManager: Display: Found up-to-date module file ../../../Engine/Plugins/Developer/SubversionSourceControl/Binaries/Win64/UE4Editor-SubversionSourceControl.dll (API version 3944462).
LogModuleManager: Display: Found up-to-date module file ../../../Engine/Plugins/Developer/UObjectPlugin/Binaries/Win64/UE4Editor-UObjectPlugin.dll (API version 3944462).
LogModuleManager: Display: Found up-to-date module file ../../../Engine/Plugins/Developer/VisualStudioCodeSourceCodeAccess/Binaries/Win64/UE4Editor-VisualStudioCodeSourceCodeAccess.dll (API version 3944462).
LogModuleManager: Display: Found up-to-date module file ../../../Engine/Plugins/Developer/VisualStudioSourceCodeAccess/Binaries/Win64/UE4Editor-VisualStudioSourceCodeAccess.dll (API version 3944462).
LogModuleManager: Display: Found up-to-date module file ../../../Engine/Plugins/Editor/AssetManagerEditor/Binaries/Win64/UE4Editor-AssetManagerEditor.dll (API version 3944462).
LogModuleManager: Display: Found up-to-date module file ../../../Engine/Plugins/Editor/CryptoKeys/Binaries/Win64/UE4Editor-CryptoKeys.dll (API version 3944462).
LogModuleManager: Display: Found up-to-date module file ../../../Engine/Plugins/Editor/CryptoKeys/Binaries/Win64/UE4Editor-CryptoKeysOpenSSL.dll (API version 3944462).
LogModuleManager: Display: Found up-to-date module file ../../../Engine/Plugins/Editor/DataValidation/Binaries/Win64/UE4Editor-DataValidation.dll (API version 3944462).
LogModuleManager: Display: Found up-to-date module file ../../../Engine/Plugins/Editor/FacialAnimation/Binaries/Win64/UE4Editor-FacialAnimation.dll (API version 3944462).
LogModuleManager: Display: Found up-to-date module file ../../../Engine/Plugins/Editor/FacialAnimation/Binaries/Win64/UE4Editor-FacialAnimationEditor.dll (API version 3944462).
LogModuleManager: Display: Found up-to-date module file ../../../Engine/Plugins/Editor/GameplayTagsEditor/Binaries/Win64/UE4Editor-GameplayTagsEditor.dll (API version 3944462).
LogModuleManager: Display: Found up-to-date module file ../../../Engine/Plugins/Editor/MobileLauncherProfileWizard/Binaries/Win64/UE4Editor-MobileLauncherProfileWizard.dll (API version 3944462).
LogModuleManager: Display: Found up-to-date module file ../../../Engine/Plugins/Editor/PluginBrowser/Binaries/Win64/UE4Editor-PluginBrowser.dll (API version 3944462).
LogModuleManager: Display: Found up-to-date module file ../../../Engine/Plugins/Editor/SpeedTreeImporter/Binaries/Win64/UE4Editor-SpeedTreeImporter.dll (API version 3944462).
LogModuleManager: Display: Found up-to-date module file ../../../Engine/Plugins/Enterprise/DatasmithContent/Binaries/Win64/UE4Editor-DatasmithContent.dll (API version 3944462).
LogModuleManager: Display: Found up-to-date module file ../../../Engine/Plugins/Experimental/AlembicImporter/Binaries/Win64/UE4Editor-AlembicImporter.dll (API version 3944462).
LogModuleManager: Display: Found up-to-date module file ../../../Engine/Plugins/Experimental/AlembicImporter/Binaries/Win64/UE4Editor-AlembicLibrary.dll (API version 3944462).
LogModuleManager: Display: Found up-to-date module file ../../../Engine/Plugins/Experimental/CharacterAI/Binaries/Win64/UE4Editor-CharacterAI.dll (API version 3944462).
LogModuleManager: Display: Found up-to-date module file ../../../Engine/Plugins/Experimental/HTML5Networking/Binaries/Win64/UE4Editor-HTML5Networking.dll (API version 3944462).
LogModuleManager: Display: Found up-to-date module file ../../../Engine/Plugins/Media/AndroidMedia/Binaries/Win64/UE4Editor-AndroidMediaEditor.dll (API version 3944462).
LogModuleManager: Display: Found up-to-date module file ../../../Engine/Plugins/Media/AndroidMedia/Binaries/Win64/UE4Editor-AndroidMediaFactory.dll (API version 3944462).
LogModuleManager: Display: Found up-to-date module file ../../../Engine/Plugins/Media/AvfMedia/Binaries/Win64/UE4Editor-AvfMediaEditor.dll (API version 3944462).
LogModuleManager: Display: Found up-to-date module file ../../../Engine/Plugins/Media/AvfMedia/Binaries/Win64/UE4Editor-AvfMediaFactory.dll (API version 3944462).
LogModuleManager: Display: Found up-to-date module file ../../../Engine/Plugins/Media/AvfMedia/Binaries/Win64/UE4Editor-AvfMediaFactory.dll (API version 3944462).
LogModuleManager: Display: Found up-to-date module file ../../../Engine/Plugins/Media/ImgMedia/Binaries/Win64/UE4Editor-ImgMedia.dll (API version 3944462).
LogModuleManager: Display: Found up-to-date module file ../../../Engine/Plugins/Media/ImgMedia/Binaries/Win64/UE4Editor-ImgMediaEditor.dll (API version 3944462).
LogModuleManager: Display: Found up-to-date module file ../../../Engine/Plugins/Media/ImgMedia/Binaries/Win64/UE4Editor-ImgMediaFactory.dll (API version 3944462).
LogModuleManager: Display: Found up-to-date module file ../../../Engine/Plugins/Media/ImgMedia/Binaries/Win64/UE4Editor-ImgMediaFactory.dll (API version 3944462).
LogModuleManager: Display: Found up-to-date module file ../../../Engine/Plugins/Media/ImgMedia/Binaries/Win64/UE4Editor-OpenExrWrapper.dll (API version 3944462).
LogModuleManager: Display: Found up-to-date module file ../../../Engine/Plugins/Media/LinearTimecode/Binaries/Win64/UE4Editor-LinearTimecode.dll (API version 3944462).
LogModuleManager: Display: Found up-to-date module file ../../../Engine/Plugins/Media/MediaCompositing/Binaries/Win64/UE4Editor-MediaCompositing.dll (API version 3944462).
LogModuleManager: Display: Found up-to-date module file ../../../Engine/Plugins/Media/MediaCompositing/Binaries/Win64/UE4Editor-MediaCompositingEditor.dll (API version 3944462).
LogModuleManager: Display: Found up-to-date module file ../../../Engine/Plugins/Media/MediaPlayerEditor/Binaries/Win64/UE4Editor-MediaPlayerEditor.dll (API version 3944462).
LogModuleManager: Display: Found up-to-date module file ../../../Engine/Plugins/Media/WmfMedia/Binaries/Win64/UE4Editor-WmfMedia.dll (API version 3944462).
LogModuleManager: Display: Found up-to-date module file ../../../Engine/Plugins/Media/WmfMedia/Binaries/Win64/UE4Editor-WmfMediaEditor.dll (API version 3944462).
LogModuleManager: Display: Found up-to-date module file ../../../Engine/Plugins/Media/WmfMedia/Binaries/Win64/UE4Editor-WmfMediaFactory.dll (API version 3944462).
LogModuleManager: Display: Found up-to-date module file ../../../Engine/Plugins/Media/WmfMedia/Binaries/Win64/UE4Editor-WmfMediaFactory.dll (API version 3944462).
LogModuleManager: Display: Found up-to-date module file ../../../Engine/Plugins/Messaging/TcpMessaging/Binaries/Win64/UE4Editor-TcpMessaging.dll (API version 3944462).
LogModuleManager: Display: Found up-to-date module file ../../../Engine/Plugins/Messaging/UdpMessaging/Binaries/Win64/UE4Editor-UdpMessaging.dll (API version 3944462).
LogModuleManager: Display: Found up-to-date module file ../../../Engine/Plugins/MovieScene/ActorSequence/Binaries/Win64/UE4Editor-ActorSequence.dll (API version 3944462).
LogModuleManager: Display: Found up-to-date module file ../../../Engine/Plugins/MovieScene/LevelSequenceEditor/Binaries/Win64/UE4Editor-LevelSequenceEditor.dll (API version 3944462).
LogModuleManager: Display: Found up-to-date module file ../../../Engine/Plugins/MovieScene/MatineeToLevelSequence/Binaries/Win64/UE4Editor-MatineeToLevelSequence.dll (API version 3944462).
LogModuleManager: Display: Found up-to-date module file ../../../Engine/Plugins/NetcodeUnitTest/NetcodeUnitTest/Binaries/Win64/UE4Editor-NetcodeUnitTest.dll (API version 3944462).
LogModuleManager: Display: Found up-to-date module file ../../../Engine/Plugins/NetcodeUnitTest/NUTUnrealEngine4/Binaries/Win64/UE4Editor-NUTUnrealEngine4.dll (API version 3944462).
LogModuleManager: Display: Found up-to-date module file ../../../Engine/Plugins/Online/OnlineSubsystem/Binaries/Win64/UE4Editor-OnlineSubsystem.dll (API version 3944462).
LogModuleManager: Display: Found up-to-date module file ../../../Engine/Plugins/Runtime/AndroidPermission/Binaries/Win64/UE4Editor-AndroidPermission.dll (API version 3944462).
LogModuleManager: Display: Found up-to-date module file ../../../Engine/Plugins/Online/OnlineSubsystemNull/Binaries/Win64/UE4Editor-OnlineSubsystemNull.dll (API version 3944462).
LogModuleManager: Display: Found up-to-date module file ../../../Engine/Plugins/Online/OnlineSubsystemUtils/Binaries/Win64/UE4Editor-OnlineSubsystemUtils.dll (API version 3944462).
LogModuleManager: Display: Found up-to-date module file ../../../Engine/Plugins/Online/OnlineSubsystemUtils/Binaries/Win64/UE4Editor-OnlineBlueprintSupport.dll (API version 3944462).
LogModuleManager: Display: Found up-to-date module file ../../../Engine/Plugins/Runtime/AndroidDeviceProfileSelector/Binaries/Win64/UE4Editor-AndroidDeviceProfileSelector.dll (API version 3944462).
LogModuleManager: Display: Found up-to-date module file ../../../Engine/Plugins/Runtime/AppleARKit/Binaries/Win64/UE4Editor-AppleARKit.dll (API version 3944462).
LogModuleManager: Display: Found up-to-date module file ../../../Engine/Plugins/Runtime/ProceduralMeshComponent/Binaries/Win64/UE4Editor-ProceduralMeshComponent.dll (API version 3944462).
LogModuleManager: Display: Found up-to-date module file ../../../Engine/Plugins/Runtime/ProceduralMeshComponent/Binaries/Win64/UE4Editor-ProceduralMeshComponentEditor.dll (API version 3944462).
LogModuleManager: Display: Found up-to-date module file ../../../Engine/Plugins/Animation/LiveLink/Binaries/Win64/UE4Editor-LiveLink.dll (API version 3944462).
LogModuleManager: Display: Found up-to-date module file ../../../Engine/Plugins/Animation/LiveLink/Binaries/Win64/UE4Editor-LiveLinkEditor.dll (API version 3944462).
LogModuleManager: Display: Found up-to-date module file ../../../Engine/Plugins/Runtime/ArchVisCharacter/Binaries/Win64/UE4Editor-ArchVisCharacter.dll (API version 3944462).
LogModuleManager: Display: Found up-to-date module file ../../../Engine/Plugins/Runtime/AudioCapture/Binaries/Win64/UE4Editor-AudioCapture.dll (API version 3944462).
LogModuleManager: Display: Found up-to-date module file ../../../Engine/Plugins/Runtime/AudioCapture/Binaries/Win64/UE4Editor-AudioCaptureEditor.dll (API version 3944462).
LogModuleManager: Display: Found up-to-date module file ../../../Engine/Plugins/Runtime/CableComponent/Binaries/Win64/UE4Editor-CableComponent.dll (API version 3944462).
LogModuleManager: Display: Found up-to-date module file ../../../Engine/Plugins/Runtime/CustomMeshComponent/Binaries/Win64/UE4Editor-CustomMeshComponent.dll (API version 3944462).
LogModuleManager: Display: Found up-to-date module file ../../../Engine/Plugins/Runtime/ExampleDeviceProfileSelector/Binaries/Win64/UE4Editor-ExampleDeviceProfileSelector.dll (API version 3944462).
LogModuleManager: Display: Found up-to-date module file ../../../Engine/Plugins/Runtime/ImmediatePhysics/Binaries/Win64/UE4Editor-ImmediatePhysics.dll (API version 3944462).
LogModuleManager: Display: Found up-to-date module file ../../../Engine/Plugins/Runtime/ImmediatePhysics/Binaries/Win64/UE4Editor-ImmediatePhysicsEditor.dll (API version 3944462).
LogModuleManager: Display: Found up-to-date module file ../../../Engine/Plugins/Runtime/LocationServicesBPLibrary/Binaries/Win64/UE4Editor-LocationServicesBPLibrary.dll (API version 3944462).
LogModuleManager: Display: Found up-to-date module file ../../../Engine/Plugins/Runtime/MobilePatchingUtils/Binaries/Win64/UE4Editor-MobilePatchingUtils.dll (API version 3944462).
LogModuleManager: Display: Found up-to-date module file ../../../Engine/Plugins/Runtime/Oculus/OculusVR/Binaries/Win64/UE4Editor-OculusHMD.dll (API version 3944462).
LogModuleManager: Display: Found up-to-date module file ../../../Engine/Plugins/Runtime/Oculus/OculusVR/Binaries/Win64/UE4Editor-OculusInput.dll (API version 3944462).
LogModuleManager: Display: Found up-to-date module file ../../../Engine/Plugins/Runtime/Oculus/OculusVR/Binaries/Win64/UE4Editor-OculusEditor.dll (API version 3944462).
LogModuleManager: Display: Found up-to-date module file ../../../Engine/Plugins/Runtime/PhysXVehicles/Binaries/Win64/UE4Editor-PhysXVehicles.dll (API version 3944462).
LogModuleManager: Display: Found up-to-date module file ../../../Engine/Plugins/Runtime/PhysXVehicles/Binaries/Win64/UE4Editor-PhysXVehiclesEditor.dll (API version 3944462).
LogModuleManager: Display: Found up-to-date module file ../../../Engine/Plugins/Runtime/RuntimePhysXCooking/Binaries/Win64/UE4Editor-RuntimePhysXCooking.dll (API version 3944462).
LogModuleManager: Display: Found up-to-date module file ../../../Engine/Plugins/Runtime/Steam/SteamVR/Binaries/Win64/UE4Editor-SteamVR.dll (API version 3944462).
LogModuleManager: Display: Found up-to-date module file ../../../Engine/Plugins/Runtime/Steam/SteamVR/Binaries/Win64/UE4Editor-SteamVRController.dll (API version 3944462).
LogModuleManager: Display: Found up-to-date module file ../../../Engine/Plugins/Runtime/WindowsMoviePlayer/Binaries/Win64/UE4Editor-WindowsMoviePlayer.dll (API version 3944462).
LogPluginManager: Mounting plugin Paper2D
LogPluginManager: Mounting plugin LiveLink
LogPluginManager: Mounting plugin LightPropagationVolume
LogPluginManager: Mounting plugin CLionSourceCodeAccess
LogPluginManager: Mounting plugin CodeLiteSourceCodeAccess
LogPluginManager: Mounting plugin GitSourceControl
LogPluginManager: Mounting plugin KDevelopSourceCodeAccess
LogPluginManager: Mounting plugin NullSourceCodeAccess
LogPluginManager: Mounting plugin PerforceSourceControl
LogPluginManager: Mounting plugin SubversionSourceControl
LogPluginManager: Mounting plugin UObjectPlugin
LogPluginManager: Mounting plugin VisualStudioCodeSourceCodeAccess
LogPluginManager: Mounting plugin VisualStudioSourceCodeAccess
LogPluginManager: Mounting plugin XCodeSourceCodeAccess
LogPluginManager: Mounting plugin AssetManagerEditor
LogPluginManager: Mounting plugin CryptoKeys
LogPluginManager: Mounting plugin DataValidation
LogPluginManager: Mounting plugin FacialAnimation
LogPluginManager: Mounting plugin GameplayTagsEditor
LogPluginManager: Mounting plugin MobileLauncherProfileWizard
LogPluginManager: Mounting plugin PluginBrowser
LogPluginManager: Mounting plugin SpeedTreeImporter
LogPluginManager: Mounting plugin DatasmithContent
LogPluginManager: Mounting plugin AlembicImporter
LogPluginManager: Mounting plugin CharacterAI
LogPluginManager: Mounting plugin HTML5Networking
LogPluginManager: Mounting plugin AndroidMedia
LogPluginManager: Mounting plugin AvfMedia
LogPluginManager: Mounting plugin ImgMedia
LogPluginManager: Mounting plugin LinearTimecode
LogPluginManager: Mounting plugin MediaCompositing
LogPluginManager: Mounting plugin MediaPlayerEditor
LogPluginManager: Mounting plugin WmfMedia
LogPluginManager: Mounting plugin TcpMessaging
LogPluginManager: Mounting plugin UdpMessaging
LogPluginManager: Mounting plugin ActorSequence
LogPluginManager: Mounting plugin LevelSequenceEditor
LogPluginManager: Mounting plugin MatineeToLevelSequence
LogPluginManager: Mounting plugin NetcodeUnitTest
LogPluginManager: Mounting plugin NUTUnrealEngine4
LogPluginManager: Mounting plugin OnlineSubsystemGooglePlay
LogPluginManager: Mounting plugin OnlineSubsystemIOS
LogPluginManager: Mounting plugin OnlineSubsystem
LogPluginManager: Mounting plugin OnlineSubsystemNull
LogPluginManager: Mounting plugin OnlineSubsystemUtils
LogPluginManager: Mounting plugin AndroidDeviceProfileSelector
LogPluginManager: Mounting plugin AndroidMoviePlayer
LogPluginManager: Mounting plugin AndroidPermission
LogPluginManager: Mounting plugin AppleARKit
LogPluginManager: Mounting plugin AppleMoviePlayer
LogPluginManager: Mounting plugin ArchVisCharacter
LogPluginManager: Mounting plugin AudioCapture
LogPluginManager: Mounting plugin CableComponent
LogPluginManager: Mounting plugin CustomMeshComponent
LogPluginManager: Mounting plugin ExampleDeviceProfileSelector
LogPluginManager: Mounting plugin GoogleCloudMessaging
LogPluginManager: Mounting plugin ImmediatePhysics
LogPluginManager: Mounting plugin IOSDeviceProfileSelector
LogPluginManager: Mounting plugin LinuxDeviceProfileSelector
LogPluginManager: Mounting plugin LocationServicesBPLibrary
LogPluginManager: Mounting plugin MobilePatchingUtils
LogPluginManager: Mounting plugin OculusVR
LogPluginManager: Plugin shader directory ../../../Engine/Plugins/Runtime/Oculus/OculusVR/Shaders found
LogPluginManager: Mapping shader source directory ../../../Engine/Plugins/Runtime/Oculus/OculusVR/Shaders to virtual directory /Plugin/OculusVR
LogPluginManager: Mounting plugin PhysXVehicles
LogPluginManager: Mounting plugin ProceduralMeshComponent
LogPluginManager: Mounting plugin RuntimePhysXCooking
LogPluginManager: Mounting plugin SteamVR
LogPluginManager: Mounting plugin WindowsMoviePlayer
LogStreaming: Display: Took  0.922s to configure plugins.
LogInit: Using libcurl 7.47.1
LogInit:  - built for x86_64-pc-win32
LogInit:  - supports SSL with OpenSSL/1.0.2g
LogInit:  - supports HTTP deflate (compression) using libz 1.2.8
LogInit:  - other features:
LogInit:      CURL_VERSION_SSL
LogInit:      CURL_VERSION_LIBZ
LogInit:      CURL_VERSION_IPV6
LogInit:      CURL_VERSION_ASYNCHDNS
LogInit:      CURL_VERSION_LARGEFILE
LogInit:      CURL_VERSION_IDN
LogInit:  CurlRequestOptions (configurable via config and command line):
LogInit:  - bVerifyPeer = false  - Libcurl will NOT verify peer certificate
LogInit:  - bUseHttpProxy = false  - Libcurl will NOT use HTTP proxy
LogInit:  - bDontReuseConnections = false  - Libcurl will reuse connections
LogInit:  - CertBundlePath = nullptr  - Libcurl will use whatever was configured at build time.
LogInit:  - MaxHostConnections = 16  - Libcurl will limit the number of connections to a host
LogInit:  - LocalHostAddr = Default
LogInit: WinSock: version 1.1 (2.2), MaxSocks=32767, MaxUdp=65467
LogInit: WinSock: I am TheBeast (192.168.2.21:0)
LogHMD: Failed initializing OVRPlugin 1.21.0
LogInit: Build: ++UE4+Release-4.19-CL-4033788
LogInit: Engine Version: 4.19.2-4033788+++UE4+Release-4.19
LogInit: Compatible Engine Version: 4.19.0-3944462+++UE4+Release-4.19
LogInit: Net CL: 3944462
LogDevObjectVersion: Number of dev versions registered: 18
LogDevObjectVersion:   Dev-Blueprints (B0D832E4-1F89-4F0D-ACCF-7EB736FD4AA2): 10
LogDevObjectVersion:   Dev-Build (E1C64328-A22C-4D53-A36C-8E866417BD8C): 0
LogDevObjectVersion:   Dev-Core (375EC13C-06E4-48FB-B500-84F0262A717E): 2
LogDevObjectVersion:   Dev-Editor (E4B068ED-F494-42E9-A231-DA0B2E46BB41): 23
LogDevObjectVersion:   Dev-Framework (CFFC743F-43B0-4480-9391-14DF171D2073): 33
LogDevObjectVersion:   Dev-Mobile (B02B49B5-BB20-44E9-A304-32B752E40360): 2
LogDevObjectVersion:   Dev-Networking (A4E4105C-59A1-49B5-A7C5-40C4547EDFEE): 0
LogDevObjectVersion:   Dev-Online (39C831C9-5AE6-47DC-9A44-9C173E1C8E7C): 0
LogDevObjectVersion:   Dev-Physics (78F01B33-EBEA-4F98-B9B4-84EACCB95AA2): 0
LogDevObjectVersion:   Dev-Platform (6631380F-2D4D-43E0-8009-CF276956A95A): 0
LogDevObjectVersion:   Dev-Rendering (12F88B9F-8875-4AFC-A67C-D90C383ABD29): 25
LogDevObjectVersion:   Dev-Sequencer (7B5AE74C-D270-4C10-A958-57980B212A5A): 6
LogDevObjectVersion:   Dev-VR (D7296918-1DD6-4BDD-9DE2-64A83CC13884): 1
LogDevObjectVersion:   Dev-LoadTimes (C2A15278-BFE7-4AFE-6C17-90FF531DF755): 1
LogDevObjectVersion:   Private-Geometry (6EACA3D4-40EC-4CC1-B786-8BED09428FC5): 2
LogDevObjectVersion:   Dev-AnimPhys (29E575DD-E0A3-4627-9D10-D276232CDCEA): 16
LogDevObjectVersion:   Dev-ReflectionCapture (6B266CEC-1EC7-4B8F-A30B-E4D90942FC07): 1
LogDevObjectVersion:   Dev-Automation (0DF73D61-A23F-47EA-B727-89E90C41499A): 1
LogInit: Compiled (64-bit): Apr 27 2018 02:06:57
LogInit: Compiled with Visual C++: 19.00.24215.01
LogInit: Build Configuration: Development
LogInit: Branch Name: ++UE4+Release-4.19
LogInit: Command Line: -EpicPortal 
LogInit: Base Directory: E:/Games/UE_4.19/Engine/Binaries/Win64/
LogInit: Installed Engine Build: 1
LogStreaming: Display: Took  0.000s to delete old logs.
LogInit: Presizing for max 8388607 objects, including 0 objects not considered by GC, pre-allocating 0 bytes for permanent pool.
LogInit: Object subsystem initialized
[2018.05.15-01.12.13:784][  0]LogInit: Selected Device Profile: [Windows]
[2018.05.15-01.12.13:784][  0]LogInit: Applying CVar settings loaded from the selected device profile: [Windows]
[2018.05.15-01.12.13:794][  0]LogInit: Computer: THEBEAST
[2018.05.15-01.12.13:794][  0]LogInit: User: Spencir
[2018.05.15-01.12.13:794][  0]LogInit: CPU Page size=4096, Cores=4
[2018.05.15-01.12.13:794][  0]LogInit: High frequency timer resolution =3.914058 MHz
[2018.05.15-01.12.13:794][  0]LogMemory: Memory total: Physical=16.0GB (16GB approx)
[2018.05.15-01.12.13:794][  0]LogMemory: Platform Memory Stats for Windows
[2018.05.15-01.12.13:794][  0]LogMemory: Process Physical Memory: 280.37 MB used, 280.37 MB peak
[2018.05.15-01.12.13:794][  0]LogMemory: Process Virtual Memory: 269.85 MB used, 269.85 MB peak
[2018.05.15-01.12.13:794][  0]LogMemory: Physical Memory: 7667.60 MB used,  8676.04 MB free, 16343.64 MB total
[2018.05.15-01.12.13:794][  0]LogMemory: Virtual Memory: 746.52 MB used,  8676.04 MB free, 134217728.00 MB total
[2018.05.15-01.12.13:808][  0]LogInit: Using OS detected language (en-US).
[2018.05.15-01.12.13:808][  0]LogInit: Using OS detected locale (en-US).
[2018.05.15-01.12.13:811][  0]LogTextLocalizationManager: No specific localization for 'en-US' exists, so the 'en' localization will be used.
[2018.05.15-01.12.14:154][  0]LogStreaming: Display: Took  0.346s to EndInitTextLocalization.
[2018.05.15-01.12.14:154][  0]LogInit: Setting process to per monitor DPI aware
[2018.05.15-01.12.14:182][  0]LogSlate: New Slate User Created.  User Index 0, Is Virtual User: 0
[2018.05.15-01.12.14:182][  0]LogSlate: Slate User Registered.  User Index 0, Is Virtual User: 0
[2018.05.15-01.12.14:406][  0]LogD3D11RHI: D3D11 adapters:
[2018.05.15-01.12.14:445][  0]LogD3D11RHI:    0. 'NVIDIA GeForce GTX 1070' (Feature Level 11_0)
[2018.05.15-01.12.14:445][  0]LogD3D11RHI:       8096/0/8171 MB DedicatedVideo/DedicatedSystem/SharedSystem, Outputs:1, VendorId:0x10de
[2018.05.15-01.12.14:447][  0]LogD3D11RHI:    1. 'Microsoft Basic Render Driver' (Feature Level 11_0)
[2018.05.15-01.12.14:447][  0]LogD3D11RHI:       0/0/8171 MB DedicatedVideo/DedicatedSystem/SharedSystem, Outputs:0, VendorId:0x1414
[2018.05.15-01.12.14:447][  0]LogD3D11RHI: Chosen D3D11 Adapter: 0
[2018.05.15-01.12.14:453][  0]LogD3D11RHI: Creating new Direct3DDevice
[2018.05.15-01.12.14:453][  0]LogD3D11RHI:     GPU DeviceId: 0x1b81 (for the marketing name, search the web for "GPU Device Id")
[2018.05.15-01.12.14:453][  0]LogWindows: EnumDisplayDevices:
[2018.05.15-01.12.14:453][  0]LogWindows:    0. 'NVIDIA GeForce GTX 1070' (P:1 D:1)
[2018.05.15-01.12.14:454][  0]LogWindows:    1. 'NVIDIA GeForce GTX 1070' (P:0 D:0)
[2018.05.15-01.12.14:454][  0]LogWindows:    2. 'NVIDIA GeForce GTX 1070' (P:0 D:0)
[2018.05.15-01.12.14:454][  0]LogWindows:    3. 'NVIDIA GeForce GTX 1070' (P:0 D:0)
[2018.05.15-01.12.14:454][  0]LogWindows: DebugString: GetVideoDriverDetailsInvalid PrimaryIsNotTheChoosenAdapter GetVideoDriverDetailsInvalid PrimaryIsNotTheChoosenAdapter GetVideoDriverDetailsInvalid PrimaryIsNotTheChoosenAdapter GetVideoDriverDetailsInvalid PrimaryIsNotTheChoosenAdapter FoundDriverCount:0 
[2018.05.15-01.12.14:454][  0]LogD3D11RHI:     Adapter Name: NVIDIA GeForce GTX 1070
[2018.05.15-01.12.14:454][  0]LogD3D11RHI:   Driver Version: Unknown (internal:Unknown, unified:Unknown)
[2018.05.15-01.12.14:454][  0]LogD3D11RHI:      Driver Date: Unknown
[2018.05.15-01.12.14:454][  0]LogRHI: Texture pool is 5667 MB (70% of 8096 MB)
[2018.05.15-01.12.14:477][  0]LogD3D11RHI: [Aftermath] Aftermath enabled but failed to initialize
[2018.05.15-01.12.14:477][  0]LogD3D11RHI: [Aftermath] Aftermath enabled and primed
[2018.05.15-01.12.14:477][  0]LogD3D11RHI: Async texture creation enabled
[2018.05.15-01.12.14:576][  0]LogD3D11RHI: GPU Timing Frequency: 1000.000000 (Debug: 2 1)
[2018.05.15-01.12.14:618][  0]LogShaderCompilers: Guid format shader working directory is -18 characters bigger than the processId version (C:/Users/Spencir/Documents/Unreal Projects/DarksoulsSwag/FunSouls/Intermediate/Shaders/WorkingDirectory/15712/).
[2018.05.15-01.12.14:618][  0]LogShaderCompilers: Cleaned the shader compiler working directory 'C:/Users/Spencir/AppData/Local/Temp/UnrealShaderWorkingDir/F95B296247288B0EAF08E9ABA8C36219/'.
[2018.05.15-01.12.14:790][  0]LogTemp: Display: Loaded TP AllDesktopTargetPlatform
[2018.05.15-01.12.14:800][  0]LogTemp: Display: Loaded TP MacClientTargetPlatform
[2018.05.15-01.12.14:812][  0]LogTemp: Display: Loaded TP MacNoEditorTargetPlatform
[2018.05.15-01.12.14:823][  0]LogTemp: Display: Loaded TP MacServerTargetPlatform
[2018.05.15-01.12.14:834][  0]LogTemp: Display: Loaded TP MacTargetPlatform
[2018.05.15-01.12.14:845][  0]LogTemp: Display: Loaded TP WindowsClientTargetPlatform
[2018.05.15-01.12.14:856][  0]LogTemp: Display: Loaded TP WindowsNoEditorTargetPlatform
[2018.05.15-01.12.14:867][  0]LogTemp: Display: Loaded TP WindowsServerTargetPlatform
[2018.05.15-01.12.14:872][  0]LogTemp: Display: Loaded TP WindowsTargetPlatform
[2018.05.15-01.12.14:882][  0]LogTemp: Display: Loaded TP Android_ASTCTargetPlatform
[2018.05.15-01.12.14:892][  0]LogTemp: Display: Loaded TP Android_ATCTargetPlatform
[2018.05.15-01.12.14:902][  0]LogTemp: Display: Loaded TP Android_DXTTargetPlatform
[2018.05.15-01.12.14:912][  0]LogTemp: Display: Loaded TP Android_ETC1aTargetPlatform
[2018.05.15-01.12.14:922][  0]LogTemp: Display: Loaded TP Android_ETC1TargetPlatform
[2018.05.15-01.12.14:931][  0]LogTemp: Display: Loaded TP Android_ETC2TargetPlatform
[2018.05.15-01.12.14:951][  0]LogTemp: Display: Loaded TP Android_MultiTargetPlatform
[2018.05.15-01.12.14:951][  0]LogTemp: Display: Loaded TP Android_PVRTCTargetPlatform
[2018.05.15-01.12.14:960][  0]LogTemp: Display: Loaded TP AndroidTargetPlatform
[2018.05.15-01.12.14:961][  0]LogTemp: Display: Loaded TP HTML5TargetPlatform
[2018.05.15-01.12.14:995][  0]LogTemp: Display: Loaded TP IOSTargetPlatform
[2018.05.15-01.12.15:005][  0]LogTemp: Display: Loaded TP TVOSTargetPlatform
[2018.05.15-01.12.15:015][  0]LogTemp: Display: Loaded TP LinuxClientTargetPlatform
[2018.05.15-01.12.15:025][  0]LogTemp: Display: Loaded TP LinuxNoEditorTargetPlatform
[2018.05.15-01.12.15:035][  0]LogTemp: Display: Loaded TP LinuxServerTargetPlatform
[2018.05.15-01.12.15:045][  0]LogTemp: Display: Loaded TP LinuxTargetPlatform
[2018.05.15-01.12.15:045][  0]LogTargetPlatformManager: Display: Building Assets For Windows
[2018.05.15-01.12.15:139][  0]LogXGEController: Cannot use XGE Controller as Incredibuild is not installed on this machine.
[2018.05.15-01.12.15:139][  0]LogShaderCompilers: Cannot use XGE Shader Compiler as Incredibuild is not installed on this machine.
[2018.05.15-01.12.15:139][  0]LogShaderCompilers: Display: Using Local Shader Compiler.
[2018.05.15-01.12.15:673][  0]LogDerivedDataCache: Display: Max Cache Size: 512 MB
[2018.05.15-01.12.15:728][  0]LogDerivedDataCache: Loaded boot cache 0.06s 74MB C:/Users/Spencir/AppData/Local/UnrealEngine/4.19/DerivedDataCache/Boot.ddc.
[2018.05.15-01.12.15:729][  0]LogDerivedDataCache: Display: Loaded Boot cache: C:/Users/Spencir/AppData/Local/UnrealEngine/4.19/DerivedDataCache/Boot.ddc
[2018.05.15-01.12.15:729][  0]LogDerivedDataCache: FDerivedDataBackendGraph:  Pak pak cache file C:/Users/Spencir/Documents/Unreal Projects/DarksoulsSwag/FunSouls/DerivedDataCache/DDC.ddp not found, will not use a pak cache.
[2018.05.15-01.12.15:729][  0]LogDerivedDataCache: Unable to find inner node Pak for hierarchical cache Hierarchy.
[2018.05.15-01.12.15:729][  0]LogDerivedDataCache: FDerivedDataBackendGraph:  CompressedPak pak cache file C:/Users/Spencir/Documents/Unreal Projects/DarksoulsSwag/FunSouls/DerivedDataCache/Compressed.ddp not found, will not use a pak cache.
[2018.05.15-01.12.15:729][  0]LogDerivedDataCache: Unable to find inner node CompressedPak for hierarchical cache Hierarchy.
[2018.05.15-01.12.15:741][  0]LogDerivedDataCache: Display: Pak cache opened for reading ../../../Engine/DerivedDataCache/Compressed.ddp.
[2018.05.15-01.12.15:753][  0]LogDerivedDataCache: Using Local data cache path C:/Users/Spencir/AppData/Local/UnrealEngine/Common/DerivedDataCache: Writable
[2018.05.15-01.12.15:753][  0]LogDerivedDataCache: Shared data cache path not found in *engine.ini, will not use an Shared cache.
[2018.05.15-01.12.15:753][  0]LogDerivedDataCache: Unable to find inner node Shared for hierarchical cache Hierarchy.
[2018.05.15-01.12.15:762][  0]LogMaterial: Verifying Global Shaders for PCD3D_SM5
[2018.05.15-01.12.15:763][  0]LogSlate: Using Freetype 2.6.0
[2018.05.15-01.12.15:764][  0]LogSlate: SlateFontCache - WITH_FREETYPE: 1, WITH_HARFBUZZ: 1
[2018.05.15-01.12.15:764][  0]LogSlate: SlateFontCache - WITH_FREETYPE: 1, WITH_HARFBUZZ: 1
[2018.05.15-01.12.15:879][  0]LogAssetRegistry: FAssetRegistry took 0.0249 seconds to start up
[2018.05.15-01.12.16:173][  0]LogInit: Selected Device Profile: [Windows]
[2018.05.15-01.12.16:335][  0]LogSimplygon: Simplygon DLL not present - disabling.
[2018.05.15-01.12.16:337][  0]LogMeshReduction: Using SimplygonSwarm for distributed automatic mesh merging
[2018.05.15-01.12.16:337][  0]LogMeshReduction: Using QuadricMeshReduction for automatic static mesh reduction
[2018.05.15-01.12.16:337][  0]LogMeshReduction: No automatic skeletal mesh reduction module available
[2018.05.15-01.12.16:337][  0]LogMeshReduction: No automatic mesh merging module available
[2018.05.15-01.12.16:337][  0]LogMeshMerging: No automatic mesh merging module available
[2018.05.15-01.12.16:365][  0]LogNetVersion: DarksoulsSwag , NetCL: 3944462, EngineNetVer: 2, GameNetVer: 0 (Checksum: 397616358)
[2018.05.15-01.12.16:759][  0]LogPackageLocalizationCache: Processed 9 localized package path(s) for 2 prioritized culture(s) in 0.065329 seconds
[2018.05.15-01.12.16:764][  0]LogUObjectArray: 36728 objects as part of root set at end of initial load.
[2018.05.15-01.12.16:764][  0]LogUObjectAllocator: 7314304 out of 0 bytes used by permanent object pool.
[2018.05.15-01.12.16:764][  0]LogUObjectArray: CloseDisregardForGC: 0/0 objects in disregard for GC pool
[2018.05.15-01.12.18:271][  0]LogTcpMessaging: Initializing TcpMessaging bridge
[2018.05.15-01.12.18:300][  0]LogUdpMessaging: Initializing bridge on interface 0.0.0.0:0 to multicast group 230.0.0.1:6666.
[2018.05.15-01.12.18:627][  0]SourceControl: Source control is disabled
[2018.05.15-01.12.18:627][  0]SourceControl: Source control is disabled
[2018.05.15-01.12.18:643][  0]SourceControl: Source control is disabled
[2018.05.15-01.12.18:661][  0]SourceControl: Source control is disabled
[2018.05.15-01.12.19:117][  0]LogAndroidPermission: UAndroidPermissionCallbackProxy::GetInstance
[2018.05.15-01.12.19:267][  0]LogOcInput: OculusInput pre-init called
[2018.05.15-01.12.19:364][  0]LogEngine: Initializing Engine...
[2018.05.15-01.12.19:384][  0]LogHMD: Failed to initialize OpenVR with code 126
[2018.05.15-01.12.19:385][  0]LogStats: UGameplayTagsManager::ConstructGameplayTagTree: Construct from data asset -  0.000 s
[2018.05.15-01.12.19:385][  0]LogStats: UGameplayTagsManager::ConstructGameplayTagTree: GameplayTagTreeChangedEvent.Broadcast -  0.000 s
[2018.05.15-01.12.19:576][  0]LogAIModule: Creating AISystem for world Untitled
[2018.05.15-01.12.19:634][  0]LogInit: XAudio2 using 'Headphones (Plantronics GameCom 780/788)' : 6 channels at 44.1 kHz using 16 bits per sample (channel mask 0x60f)
[2018.05.15-01.12.19:644][  0]LogInit: FAudioDevice initialized.
[2018.05.15-01.12.19:691][  0]LogDerivedDataCache: Saved boot cache 0.05s 74MB C:/Users/Spencir/AppData/Local/UnrealEngine/4.19/DerivedDataCache/Boot.ddc.
[2018.05.15-01.12.19:705][  0]LogInit: Texture streaming: Enabled
[2018.05.15-01.12.19:717][  0]LogEngineSessionManager: EngineSessionManager initialized
[2018.05.15-01.12.19:731][  0]LogInit: Transaction tracking system initialized
[2018.05.15-01.12.19:749][  0]BlueprintLog: New page: Editor Load
[2018.05.15-01.12.19:807][  0]LocalizationService: Localization service is disabled
[2018.05.15-01.12.19:895][  0]LogConsoleResponse: Display: 
[2018.05.15-01.12.20:022][  0]LogCook: Display: Max memory allowance for cook 16384mb min free memory 0mb
[2018.05.15-01.12.20:022][  0]LogCook: Display: Mobile HDR setting 1
[2018.05.15-01.12.20:022][  0]LogGameplayTags: Display: UGameplayTagsManager::DoneAddingNativeTags. DelegateIsBound: 0
[2018.05.15-01.12.20:022][  0]LogStats: UGameplayTagsManager::ConstructGameplayTagTree: Construct from data asset -  0.000 s
[2018.05.15-01.12.20:022][  0]LogStats: UGameplayTagsManager::ConstructGameplayTagTree: GameplayTagTreeChangedEvent.Broadcast -  0.000 s
[2018.05.15-01.12.20:180][  0]LogFileCache: Scanning file cache for directory 'C:/Users/Spencir/Documents/Unreal Projects/DarksoulsSwag/FunSouls/Content/' took 0.01s
[2018.05.15-01.12.20:365][  0]SourceControl: Source control is disabled
[2018.05.15-01.12.20:365][  0]Cmd: MAP LOAD FILE="C:/Users/Spencir/Documents/Unreal Projects/DarksoulsSwag/FunSouls/Content/ThirdPersonBP/Maps/ThirdPersonExampleMap.umap" TEMPLATE=0 SHOWPROGRESS=1 FEATURELEVEL=3
[2018.05.15-01.12.20:365][  0]LightingResults: New page: Lighting Build
[2018.05.15-01.12.20:367][  0]MapCheck: New page: Map Check
[2018.05.15-01.12.20:367][  0]LightingResults: New page: Lighting Build
[2018.05.15-01.12.20:389][  0]LogUObjectGlobals: Created PersistentFrame Addr=0x00000153e51d14e0, Size=160, Default__thirdperson_C Function /Game/blueprints/thirdperson.thirdperson_C:ExecuteUbergraph_thirdperson
[2018.05.15-01.12.20:394][  0]LogUObjectGlobals: Destroyed PersistentFrame Addr=0x00000153e51d14e0, Size=160
[2018.05.15-01.12.20:394][  0]LogUObjectGlobals: Created PersistentFrame Addr=0x00000153e5355120, Size=160, Default__thirdperson_C Function /Engine/Transient.REINST_thirdperson_C_1:ExecuteUbergraph_thirdperson
[2018.05.15-01.12.20:398][  0]LogUObjectGlobals: Created PersistentFrame Addr=0x00000153c9462fc0, Size=160, Default__thirdperson_C Function /Game/blueprints/thirdperson.thirdperson_C:ExecuteUbergraph_thirdperson
[2018.05.15-01.12.20:491][  0]LogUObjectGlobals: Created PersistentFrame Addr=0x00000153c82e3c68, Size=40, Default__ThirdPersonExampleMap_C Function /Game/ThirdPersonBP/Maps/ThirdPersonExampleMap.ThirdPersonExampleMap_C:ExecuteUbergraph_ThirdPersonExampleMap
[2018.05.15-01.12.20:492][  0]LogUObjectGlobals: Destroyed PersistentFrame Addr=0x00000153c82e3c68, Size=40
[2018.05.15-01.12.20:492][  0]LogUObjectGlobals: Created PersistentFrame Addr=0x00000153c82e3c68, Size=40, Default__ThirdPersonExampleMap_C Function /Engine/Transient.REINST_ThirdPersonExampleMap_C_10:ExecuteUbergraph_ThirdPersonExampleMap
[2018.05.15-01.12.20:492][  0]LogUObjectGlobals: Created PersistentFrame Addr=0x00000153c82e3cb8, Size=40, Default__ThirdPersonExampleMap_C Function /Game/ThirdPersonBP/Maps/ThirdPersonExampleMap.ThirdPersonExampleMap_C:ExecuteUbergraph_ThirdPersonExampleMap
[2018.05.15-01.12.20:601][  0]LogSkeletalMesh: Skeletal Mesh found in DDC [2.391124ms] /Game/ThirdPersonBP/knight_d_pelegrini.knight_d_pelegrini
[2018.05.15-01.12.20:608][  0]LogAIModule: Creating AISystem for world ThirdPersonExampleMap
[2018.05.15-01.12.20:644][  0]LogEditorServer: Finished looking for orphan Actors (0.000 secs)
[2018.05.15-01.12.20:655][  0]LogUObjectGlobals: Destroyed PersistentFrame Addr=0x00000153e5355120, Size=160
[2018.05.15-01.12.20:655][  0]LogUObjectGlobals: Destroyed PersistentFrame Addr=0x00000153c82e3c68, Size=40
[2018.05.15-01.12.20:655][  0]Cmd: MAP CHECKDEP NOCLEARLOG
[2018.05.15-01.12.20:702][  0]MapCheck: Map check complete: 0 Error(s), 0 Warning(s), took 45.812ms to complete.
[2018.05.15-01.12.20:702][  0]LogFileHelpers: Loading map 'ThirdPersonExampleMap' took 0.337
[2018.05.15-01.12.20:824][  0]LogCollectionManager: Loaded 0 collections in 0.001211 seconds
[2018.05.15-01.12.20:863][  0]LogFileCache: Scanning file cache for directory 'C:/Users/Spencir/Documents/Unreal Projects/DarksoulsSwag/FunSouls/Saved/Collections/' took 0.01s
[2018.05.15-01.12.20:863][  0]LogFileCache: Scanning file cache for directory 'C:/Users/Spencir/Documents/Unreal Projects/DarksoulsSwag/FunSouls/Content/Developers/Spencir/Collections/' took 0.01s
[2018.05.15-01.12.20:863][  0]LogFileCache: Scanning file cache for directory 'C:/Users/Spencir/Documents/Unreal Projects/DarksoulsSwag/FunSouls/Content/Collections/' took 0.01s
[2018.05.15-01.12.20:863][  0]LogCollectionManager: Rebuilt the GUID cache for 0 collections in 0.000001 seconds
[2018.05.15-01.12.20:871][  0]LogContentBrowser: Native class hierarchy populated in 0.0072 seconds. Added 2452 classes and 558 folders.
[2018.05.15-01.12.20:877][  0]LogContentBrowser: Native class hierarchy updated for 'WidgetCarousel' in 0.0002 seconds. Added 0 classes and 0 folders.
[2018.05.15-01.12.20:925][  0]LogContentBrowser: Native class hierarchy updated for 'AddContentDialog' in 0.0002 seconds. Added 0 classes and 0 folders.
[2018.05.15-01.12.20:929][  0]LogContentBrowser: Native class hierarchy updated for 'SceneOutliner' in 0.0002 seconds. Added 1 classes and 2 folders.
[2018.05.15-01.12.20:943][  0]LogSlate: Took 0.000241 seconds to synchronously load lazily loaded font '../../../Engine/Content/Slate/Fonts/Roboto-Regular.ttf' (155K)
[2018.05.15-01.12.20:946][  0]LogSlate: Took 0.000289 seconds to synchronously load lazily loaded font '../../../Engine/Content/Slate/Fonts/Roboto-Bold.ttf' (160K)
[2018.05.15-01.12.20:952][  0]LogSlate: Took 0.000253 seconds to synchronously load lazily loaded font '../../../Engine/Content/Editor/Slate/Fonts/FontAwesome.ttf' (139K)
[2018.05.15-01.12.21:040][  0]LogRenderer: Reallocating scene render targets to support 1208x576 Format 10 NumSamples 1 (Frame:1).
[2018.05.15-01.12.21:192][  0]LogContentBrowser: Native class hierarchy updated for 'HierarchicalLODOutliner' in 0.0002 seconds. Added 0 classes and 0 folders.
[2018.05.15-01.12.21:192][  0]LogLoad: (Engine Initialization) Total time: 10.18 seconds
[2018.05.15-01.12.21:192][  0]LogLoad: (Engine Initialization) Total Blueprint compile time: 0.00 seconds
[2018.05.15-01.12.21:202][  0]LogWindowsTextInputMethodSystem: Display: IME system now deactivated.
[2018.05.15-01.12.21:217][  0]LogAssetRegistry: Asset discovery search completed in 5.3603 seconds
[2018.05.15-01.12.21:219][  0]LogCollectionManager: Rebuilt the object cache for 0 collections in 0.000000 seconds (found 0 objects)
[2018.05.15-01.12.21:219][  0]LogCollectionManager: Fixed up redirectors for 0 collections in 0.000036 seconds (updated 0 objects)
[2018.05.15-01.12.21:221][  0]LogContentStreaming: Texture pool size now 1000 MB
[2018.05.15-01.12.21:256][  0]LogSlate: Took 0.000165 seconds to synchronously load lazily loaded font '../../../Engine/Content/Slate/Fonts/Roboto-Light.ttf' (167K)
[2018.05.15-01.12.23:853][296]LogSlate: FSceneViewport::OnFocusLost() reason 0
[2018.05.15-01.12.23:926][304]LogSlate: Took 0.000190 seconds to synchronously load lazily loaded font '../../../Engine/Content/Slate/Fonts/Roboto-Light.ttf' (167K)
[2018.05.15-01.12.24:007][304]LogUObjectGlobals: Destroyed PersistentFrame Addr=0x00000153c82e3cb8, Size=40
[2018.05.15-01.12.24:007][304]LogUObjectGlobals: Created PersistentFrame Addr=0x000001538a480e78, Size=40, Default__ThirdPersonExampleMap_C Function /Engine/Transient.REINST_ThirdPersonExampleMap_C_14:ExecuteUbergraph_ThirdPersonExampleMap
[2018.05.15-01.12.24:008][304]LogUObjectGlobals: Created PersistentFrame Addr=0x000001538a480dd8, Size=40, Default__ThirdPersonExampleMap_C Function /Game/ThirdPersonBP/Maps/ThirdPersonExampleMap.ThirdPersonExampleMap_C:ExecuteUbergraph_ThirdPersonExampleMap
[2018.05.15-01.12.24:088][304]LogSavePackage: Save=89.64ms
[2018.05.15-01.12.24:088][304]LogSavePackage: Moving 'C:/Users/Spencir/Documents/Unreal Projects/DarksoulsSwag/FunSouls/Saved/ThirdPersonExampleMap2B915B914118490EA65037AB73E11F3E.tmp' to 'C:/Users/Spencir/Documents/Unreal Projects/DarksoulsSwag/FunSouls/Content/ThirdPersonBP/Maps/ThirdPersonExampleMap.umap'
[2018.05.15-01.12.24:091][304]LogSavePackage: Display: Finished SavePackage C:/Users/Spencir/Documents/Unreal Projects/DarksoulsSwag/FunSouls/Content/ThirdPersonBP/Maps/ThirdPersonExampleMap.umap
[2018.05.15-01.12.24:290][304]LogSavePackage: Save=161.21ms
[2018.05.15-01.12.24:290][304]LogSavePackage: Moving 'C:/Users/Spencir/Documents/Unreal Projects/DarksoulsSwag/FunSouls/Saved/ThirdPersonExampleMap_BuiltData61751A9945B24064FB4455B162E12E1D.tmp' to 'C:/Users/Spencir/Documents/Unreal Projects/DarksoulsSwag/FunSouls/Content/ThirdPersonBP/Maps/ThirdPersonExampleMap_BuiltData.uasset'
[2018.05.15-01.12.24:292][304]LogSavePackage: Display: Finished SavePackage C:/Users/Spencir/Documents/Unreal Projects/DarksoulsSwag/FunSouls/Content/ThirdPersonBP/Maps/ThirdPersonExampleMap_BuiltData.uasset
[2018.05.15-01.12.26:071][500]LogSlate: FSceneViewport::OnFocusLost() reason 0
[2018.05.15-01.12.27:930][718]LogUObjectGlobals: Created PersistentFrame Addr=0x00000153c7e0c720, Size=160, Default__thirdpersongittest_C Function /Game/blueprints/thirdpersongittest.thirdpersongittest_C:ExecuteUbergraph_thirdpersongittest
[2018.05.15-01.12.27:934][718]LogUObjectGlobals: Destroyed PersistentFrame Addr=0x00000153c7e0c720, Size=160
[2018.05.15-01.12.27:934][718]LogUObjectGlobals: Created PersistentFrame Addr=0x00000153d25df740, Size=160, Default__thirdpersongittest_C Function /Engine/Transient.REINST_thirdpersongittest_C_16:ExecuteUbergraph_thirdpersongittest
[2018.05.15-01.12.27:937][718]LogUObjectGlobals: Created PersistentFrame Addr=0x00000153d25de520, Size=160, Default__thirdpersongittest_C Function /Game/blueprints/thirdpersongittest.thirdpersongittest_C:ExecuteUbergraph_thirdpersongittest
[2018.05.15-01.12.27:954][718]LogUObjectGlobals: Destroyed PersistentFrame Addr=0x00000153d25df740, Size=160
[2018.05.15-01.12.27:954][718]LogUObjectGlobals: Destroyed PersistentFrame Addr=0x000001538a480e78, Size=40
[2018.05.15-01.12.29:370][718]LogSlate: Window 'Delete Assets' being destroyed
[2018.05.15-01.12.29:480][718]LogUObjectGlobals: Destroyed PersistentFrame Addr=0x00000153d25de520, Size=160
[2018.05.15-01.12.32:425][ 68]LogTemp: Repeating last play command: Selected Viewport
[2018.05.15-01.12.32:535][ 68]LogBlueprintUserMessages: Early PlayInEditor Detection: Level '/Game/ThirdPersonBP/Maps/ThirdPersonExampleMap.ThirdPersonExampleMap:PersistentLevel' has LevelScriptBlueprint '/Game/ThirdPersonBP/Maps/ThirdPersonExampleMap.ThirdPersonExampleMap:PersistentLevel.ThirdPersonExampleMap' with GeneratedClass '/Game/ThirdPersonBP/Maps/ThirdPersonExampleMap.ThirdPersonExampleMap_C' with ClassGeneratedBy '/Game/ThirdPersonBP/Maps/ThirdPersonExampleMap.ThirdPersonExampleMap:PersistentLevel.ThirdPersonExampleMap'
[2018.05.15-01.12.32:575][ 68]LogPlayLevel: PlayLevel: No blueprints needed recompiling
[2018.05.15-01.12.32:790][ 68]PIE: New page: PIE session: ThirdPersonExampleMap (May 14, 2018, 11:12:32 AM)
[2018.05.15-01.12.32:812][ 68]LogPlayLevel: Creating play world package: /Game/ThirdPersonBP/Maps/UEDPIE_0_ThirdPersonExampleMap
[2018.05.15-01.12.32:857][ 68]LogPlayLevel: PIE: StaticDuplicateObject took: (0.044800s)
[2018.05.15-01.12.32:858][ 68]LogAIModule: Creating AISystem for world ThirdPersonExampleMap
[2018.05.15-01.12.32:858][ 68]LogPlayLevel: PIE: World Init took: (0.000646s)
[2018.05.15-01.12.32:858][ 68]LogPlayLevel: PIE: Created PIE world by copying editor world from /Game/ThirdPersonBP/Maps/ThirdPersonExampleMap.ThirdPersonExampleMap to /Game/ThirdPersonBP/Maps/UEDPIE_0_ThirdPersonExampleMap.ThirdPersonExampleMap (0.045710s)
[2018.05.15-01.12.32:886][ 68]LogInit: XAudio2 using 'Headphones (Plantronics GameCom 780/788)' : 6 channels at 44.1 kHz using 16 bits per sample (channel mask 0x60f)
[2018.05.15-01.12.32:891][ 68]LogInit: FAudioDevice initialized.
[2018.05.15-01.12.33:054][ 68]LogUObjectGlobals: Created PersistentFrame Addr=0x00000153e8d846d0, Size=8, Default__ABP_Character_C Function /Game/blueprints/ABP_Character.ABP_Character_C:ExecuteUbergraph_ABP_Character
[2018.05.15-01.12.33:136][ 68]LogUObjectGlobals: Destroyed PersistentFrame Addr=0x00000153e8d846d0, Size=8
[2018.05.15-01.12.33:136][ 68]LogUObjectGlobals: Created PersistentFrame Addr=0x00000153e8d846d0, Size=8, Default__ABP_Character_C Function /Engine/Transient.REINST_ABP_Character_C_0:ExecuteUbergraph_ABP_Character
[2018.05.15-01.12.33:191][ 68]LogUObjectGlobals: Created PersistentFrame Addr=0x00000153e8d85408, Size=8, Default__ABP_Character_C Function /Game/blueprints/ABP_Character.ABP_Character_C:ExecuteUbergraph_ABP_Character
[2018.05.15-01.12.33:213][ 68]LogUObjectGlobals: Created PersistentFrame Addr=0x0000015385dddf80, Size=568, Default__ThirdPersonCharacter_C Function /Game/blueprints/ThirdPersonCharacter.ThirdPersonCharacter_C:ExecuteUbergraph_ThirdPersonCharacter
[2018.05.15-01.12.33:235][ 68]LogUObjectGlobals: Destroyed PersistentFrame Addr=0x0000015385dddf80, Size=568
[2018.05.15-01.12.33:235][ 68]LogUObjectGlobals: Created PersistentFrame Addr=0x0000015385dddf80, Size=568, Default__ThirdPersonCharacter_C Function /Engine/Transient.REINST_ThirdPersonCharacter_C_19:ExecuteUbergraph_ThirdPersonCharacter
[2018.05.15-01.12.33:261][ 68]LogUObjectGlobals: Created PersistentFrame Addr=0x000001538c3bee80, Size=568, Default__ThirdPersonCharacter_C Function /Game/blueprints/ThirdPersonCharacter.ThirdPersonCharacter_C:ExecuteUbergraph_ThirdPersonCharacter
[2018.05.15-01.12.33:380][ 68]LogLoad: Game class is 'ThirdPersonGameMode_C'
[2018.05.15-01.12.33:630][ 68]LogWorld: Bringing World /Game/ThirdPersonBP/Maps/UEDPIE_0_ThirdPersonExampleMap.ThirdPersonExampleMap up for play (max tick rate 0) at 2018.05.14-18.12.33
[2018.05.15-01.12.33:816][ 68]LogWorld: Bringing up level for play took: 0.201230
[2018.05.15-01.12.33:969][ 68]LogContentBrowser: Native class hierarchy updated for 'MovieSceneCapture' in 0.0003 seconds. Added 11 classes and 0 folders.
[2018.05.15-01.12.34:082][ 68]PIE: Play in editor start time for /Game/ThirdPersonBP/Maps/UEDPIE_0_ThirdPersonExampleMap 1.047
[2018.05.15-01.12.34:083][ 68]LogBlueprintUserMessages: Late PlayInEditor Detection: Level '/Game/ThirdPersonBP/Maps/ThirdPersonExampleMap.ThirdPersonExampleMap:PersistentLevel' has LevelScriptBlueprint '/Game/ThirdPersonBP/Maps/ThirdPersonExampleMap.ThirdPersonExampleMap:PersistentLevel.ThirdPersonExampleMap' with GeneratedClass '/Game/ThirdPersonBP/Maps/ThirdPersonExampleMap.ThirdPersonExampleMap_C' with ClassGeneratedBy '/Game/ThirdPersonBP/Maps/ThirdPersonExampleMap.ThirdPersonExampleMap:PersistentLevel.ThirdPersonExampleMap'
[2018.05.15-01.12.34:538][ 69]LogCharacterMovement: Warning: GetSimulationTimeStep() - Max iterations 8 hit while remaining time 0.062872 > MaxSimulationTimeStep (0.050) for 'thirdperson_2', movement 'Walking'
[2018.05.15-01.12.36:365][264]LogBlueprintUserMessages: [ThirdPersonCharacter_C_0] Sprinting is true
[2018.05.15-01.12.38:960][559]LogBlueprintUserMessages: [ThirdPersonCharacter_C_0] Sprinting is false
[2018.05.15-01.12.39:694][647]LogBlueprintUserMessages: [ThirdPersonCharacter_C_0] Sprinting is true
[2018.05.15-01.12.41:301][840]LogBlueprintUserMessages: [ThirdPersonCharacter_C_0] Sprinting is false
[2018.05.15-01.12.41:743][893]LogBlueprintUserMessages: [ThirdPersonCharacter_C_0] Sprinting is true
[2018.05.15-01.12.46:169][424]LogBlueprintUserMessages: [ThirdPersonCharacter_C_0] Sprinting is false
[2018.05.15-01.12.47:319][562]LogBlueprintUserMessages: [ThirdPersonCharacter_C_0] Sprinting is true
[2018.05.15-01.12.50:345][925]LogBlueprintUserMessages: [ThirdPersonCharacter_C_0] Sprinting is false
[2018.05.15-01.12.50:929][995]LogBlueprintUserMessages: [ThirdPersonCharacter_C_0] Sprinting is true
[2018.05.15-01.12.52:697][207]LogBlueprintUserMessages: [ThirdPersonCharacter_C_0] Sprinting is false
[2018.05.15-01.12.53:429][295]LogBlueprintUserMessages: [ThirdPersonCharacter_C_0] Sprinting is true
[2018.05.15-01.12.56:829][703]LogBlueprintUserMessages: [ThirdPersonCharacter_C_0] Sprinting is false
[2018.05.15-01.12.57:196][747]LogBlueprintUserMessages: [ThirdPersonCharacter_C_0] Sprinting is true
[2018.05.15-01.12.59:371][  8]LogBlueprintUserMessages: [ThirdPersonCharacter_C_0] Sprinting is false
[2018.05.15-01.13.00:171][104]LogBlueprintUserMessages: [ThirdPersonCharacter_C_0] Sprinting is true
[2018.05.15-01.13.02:463][379]LogBlueprintUserMessages: [ThirdPersonCharacter_C_0] Sprinting is false
[2018.05.15-01.13.03:305][480]LogBlueprintUserMessages: [ThirdPersonCharacter_C_0] Sprinting is true
[2018.05.15-01.13.07:822][ 22]LogBlueprintUserMessages: [ThirdPersonCharacter_C_0] Sprinting is false
[2018.05.15-01.13.08:281][ 77]LogBlueprintUserMessages: [ThirdPersonCharacter_C_0] Sprinting is true
[2018.05.15-01.13.11:147][421]LogBlueprintUserMessages: [ThirdPersonCharacter_C_0] Sprinting is false
[2018.05.15-01.13.11:930][515]LogBlueprintUserMessages: [ThirdPersonCharacter_C_0] Sprinting is true
[2018.05.15-01.13.15:456][938]LogBlueprintUserMessages: [ThirdPersonCharacter_C_0] Sprinting is false
[2018.05.15-01.13.16:622][ 78]LogBlueprintUserMessages: [ThirdPersonCharacter_C_0] Sprinting is true
[2018.05.15-01.13.19:223][390]LogBlueprintUserMessages: [ThirdPersonCharacter_C_0] Sprinting is false
[2018.05.15-01.13.23:257][872]LogBlueprintUserMessages: [ThirdPersonCharacter_C_0] Sprinting is true
[2018.05.15-01.13.26:682][283]LogBlueprintUserMessages: [ThirdPersonCharacter_C_0] Sprinting is false
[2018.05.15-01.13.26:983][319]LogBlueprintUserMessages: [ThirdPersonCharacter_C_0] Sprinting is true
[2018.05.15-01.13.33:534][104]LogUObjectGlobals: Destroyed PersistentFrame Addr=0x0000015385dddf80, Size=568
[2018.05.15-01.13.33:534][104]LogUObjectGlobals: Destroyed PersistentFrame Addr=0x00000153e8d846d0, Size=8
[2018.05.15-01.13.40:941][993]LogBlueprintUserMessages: [ThirdPersonCharacter_C_0] Sprinting is false
[2018.05.15-01.13.41:591][ 71]LogBlueprintUserMessages: [ThirdPersonCharacter_C_0] Sprinting is true
[2018.05.15-01.13.42:900][228]LogBlueprintUserMessages: [ThirdPersonCharacter_C_0] Sprinting is false
[2018.05.15-01.13.43:903][343]LogBlueprintUserMessages: Early EndPlayMap Detection: Level '/Game/ThirdPersonBP/Maps/ThirdPersonExampleMap.ThirdPersonExampleMap:PersistentLevel' has LevelScriptBlueprint '/Game/ThirdPersonBP/Maps/ThirdPersonExampleMap.ThirdPersonExampleMap:PersistentLevel.ThirdPersonExampleMap' with GeneratedClass '/Game/ThirdPersonBP/Maps/ThirdPersonExampleMap.ThirdPersonExampleMap_C' with ClassGeneratedBy '/Game/ThirdPersonBP/Maps/ThirdPersonExampleMap.ThirdPersonExampleMap:PersistentLevel.ThirdPersonExampleMap'
[2018.05.15-01.13.44:079][343]LogBlueprintUserMessages: Late EndPlayMap Detection: Level '/Game/ThirdPersonBP/Maps/ThirdPersonExampleMap.ThirdPersonExampleMap:PersistentLevel' has LevelScriptBlueprint '/Game/ThirdPersonBP/Maps/ThirdPersonExampleMap.ThirdPersonExampleMap:PersistentLevel.ThirdPersonExampleMap' with GeneratedClass '/Game/ThirdPersonBP/Maps/ThirdPersonExampleMap.ThirdPersonExampleMap_C' with ClassGeneratedBy '/Game/ThirdPersonBP/Maps/ThirdPersonExampleMap.ThirdPersonExampleMap:PersistentLevel.ThirdPersonExampleMap'
[2018.05.15-01.13.47:484][745]LogSlate: FSceneViewport::OnFocusLost() reason 0
[2018.05.15-01.13.57:070][763]LogUObjectGlobals: Destroyed PersistentFrame Addr=0x000001538a480dd8, Size=40
[2018.05.15-01.13.57:070][763]LogUObjectGlobals: Created PersistentFrame Addr=0x000001538c408ea0, Size=40, Default__ThirdPersonExampleMap_C Function /Engine/Transient.REINST_ThirdPersonExampleMap_C_25:ExecuteUbergraph_ThirdPersonExampleMap
[2018.05.15-01.13.57:071][763]LogUObjectGlobals: Created PersistentFrame Addr=0x000001538c408ba8, Size=40, Default__ThirdPersonExampleMap_C Function /Game/ThirdPersonBP/Maps/ThirdPersonExampleMap.ThirdPersonExampleMap_C:ExecuteUbergraph_ThirdPersonExampleMap
[2018.05.15-01.13.57:146][763]LogSavePackage: Save=77.24ms
[2018.05.15-01.13.57:146][763]LogSavePackage: Moving 'C:/Users/Spencir/Documents/Unreal Projects/DarksoulsSwag/FunSouls/Saved/ThirdPersonExampleMapDC80A3194FC52AC69CB39CB3B307A056.tmp' to 'C:/Users/Spencir/Documents/Unreal Projects/DarksoulsSwag/FunSouls/Content/ThirdPersonBP/Maps/ThirdPersonExampleMap.umap'
[2018.05.15-01.13.57:149][763]LogSavePackage: Display: Finished SavePackage C:/Users/Spencir/Documents/Unreal Projects/DarksoulsSwag/FunSouls/Content/ThirdPersonBP/Maps/ThirdPersonExampleMap.umap
[2018.05.15-01.13.57:293][763]LogSavePackage: Save=112.78ms
[2018.05.15-01.13.57:293][763]LogSavePackage: Moving 'C:/Users/Spencir/Documents/Unreal Projects/DarksoulsSwag/FunSouls/Saved/ThirdPersonExampleMap_BuiltDataE84217314D252C2C5463509F857C7904.tmp' to 'C:/Users/Spencir/Documents/Unreal Projects/DarksoulsSwag/FunSouls/Content/ThirdPersonBP/Maps/ThirdPersonExampleMap_BuiltData.uasset'
[2018.05.15-01.13.57:294][763]LogFileManager: Warning: MoveFile was unable to move 'C:/Users/Spencir/Documents/Unreal Projects/DarksoulsSwag/FunSouls/Saved/ThirdPersonExampleMap_BuiltDataE84217314D252C2C5463509F857C7904.tmp' to 'C:/Users/Spencir/Documents/Unreal Projects/DarksoulsSwag/FunSouls/Content/ThirdPersonBP/Maps/ThirdPersonExampleMap_BuiltData.uasset', retrying in .5s...
[2018.05.15-01.13.57:795][763]LogFileManager: Warning: MoveFile recovered during retry!
[2018.05.15-01.13.57:830][763]LogSavePackage: Display: Finished SavePackage C:/Users/Spencir/Documents/Unreal Projects/DarksoulsSwag/FunSouls/Content/ThirdPersonBP/Maps/ThirdPersonExampleMap_BuiltData.uasset
[2018.05.15-01.19.37:512][681]LogContentBrowser: Native class hierarchy updated for 'BlueprintGraph' in 0.0005 seconds. Added 116 classes and 0 folders.
[2018.05.15-01.19.38:047][681]LogUObjectGlobals: Created PersistentFrame Addr=0x00000153dd3160e8, Size=4, Default__SKEL_PROTO_BP_AnimBlueprint_0_C Function /Engine/Transient.SKEL_PROTO_BP_AnimBlueprint_0_C:ExecuteUbergraph_PROTO_BP_AnimBlueprint_0
[2018.05.15-01.19.38:048][681]LogUObjectGlobals: Created PersistentFrame Addr=0x00000153dd3160e0, Size=4, Default__PROTO_BP_AnimBlueprint_0_C Function /Engine/Transient.PROTO_BP_AnimBlueprint_0_C:ExecuteUbergraph_PROTO_BP_AnimBlueprint_0
[2018.05.15-01.19.39:785][681]LogSlate: Took 0.038522 seconds to synchronously load lazily loaded font '../../../Engine/Content/Slate/Fonts/Roboto-BoldCondensed.ttf' (158K)
[2018.05.15-01.19.50:052][455]PIE: UWidget::RemoveFromParent() called on '/Engine/Transient.ProgressBar_75' which has no UMG parent (if it was added directly to a native Slate widget via TakeWidget() then it must be removed explicitly rather than via RemoveFromParent())
[2018.05.15-01.19.50:173][455]PIE: UWidget::RemoveFromParent() called on '/Engine/Transient.ProgressBar_77' which has no UMG parent (if it was added directly to a native Slate widget via TakeWidget() then it must be removed explicitly rather than via RemoveFromParent())
[2018.05.15-01.19.50:175][455]PIE: UWidget::RemoveFromParent() called on '/Engine/Transient.ProgressBar_79' which has no UMG parent (if it was added directly to a native Slate widget via TakeWidget() then it must be removed explicitly rather than via RemoveFromParent())
[2018.05.15-01.19.50:191][456]PIE: UWidget::RemoveFromParent() called on '/Engine/Transient.ProgressBar_81' which has no UMG parent (if it was added directly to a native Slate widget via TakeWidget() then it must be removed explicitly rather than via RemoveFromParent())
[2018.05.15-01.19.50:193][456]PIE: UWidget::RemoveFromParent() called on '/Engine/Transient.ProgressBar_83' which has no UMG parent (if it was added directly to a native Slate widget via TakeWidget() then it must be removed explicitly rather than via RemoveFromParent())
[2018.05.15-01.19.50:205][457]PIE: UWidget::RemoveFromParent() called on '/Engine/Transient.ProgressBar_85' which has no UMG parent (if it was added directly to a native Slate widget via TakeWidget() then it must be removed explicitly rather than via RemoveFromParent())
[2018.05.15-01.19.50:207][457]PIE: UWidget::RemoveFromParent() called on '/Engine/Transient.ProgressBar_87' which has no UMG parent (if it was added directly to a native Slate widget via TakeWidget() then it must be removed explicitly rather than via RemoveFromParent())
[2018.05.15-01.19.50:207][457]PIE: UWidget::RemoveFromParent() called on '/Engine/Transient.ProgressBar_89' which has no UMG parent (if it was added directly to a native Slate widget via TakeWidget() then it must be removed explicitly rather than via RemoveFromParent())
[2018.05.15-01.19.50:210][457]PIE: UWidget::RemoveFromParent() called on '/Engine/Transient.ProgressBar_91' which has no UMG parent (if it was added directly to a native Slate widget via TakeWidget() then it must be removed explicitly rather than via RemoveFromParent())
[2018.05.15-01.19.50:222][458]PIE: UWidget::RemoveFromParent() called on '/Engine/Transient.ProgressBar_93' which has no UMG parent (if it was added directly to a native Slate widget via TakeWidget() then it must be removed explicitly rather than via RemoveFromParent())
[2018.05.15-01.19.50:223][458]PIE: UWidget::RemoveFromParent() called on '/Engine/Transient.ProgressBar_95' which has no UMG parent (if it was added directly to a native Slate widget via TakeWidget() then it must be removed explicitly rather than via RemoveFromParent())
[2018.05.15-01.19.50:224][458]PIE: UWidget::RemoveFromParent() called on '/Engine/Transient.ProgressBar_97' which has no UMG parent (if it was added directly to a native Slate widget via TakeWidget() then it must be removed explicitly rather than via RemoveFromParent())
[2018.05.15-01.19.50:237][459]PIE: UWidget::RemoveFromParent() called on '/Engine/Transient.ProgressBar_99' which has no UMG parent (if it was added directly to a native Slate widget via TakeWidget() then it must be removed explicitly rather than via RemoveFromParent())
[2018.05.15-01.19.50:239][459]PIE: UWidget::RemoveFromParent() called on '/Engine/Transient.ProgressBar_101' which has no UMG parent (if it was added directly to a native Slate widget via TakeWidget() then it must be removed explicitly rather than via RemoveFromParent())
[2018.05.15-01.19.50:251][460]PIE: UWidget::RemoveFromParent() called on '/Engine/Transient.ProgressBar_103' which has no UMG parent (if it was added directly to a native Slate widget via TakeWidget() then it must be removed explicitly rather than via RemoveFromParent())
[2018.05.15-01.19.50:253][460]PIE: UWidget::RemoveFromParent() called on '/Engine/Transient.ProgressBar_105' which has no UMG parent (if it was added directly to a native Slate widget via TakeWidget() then it must be removed explicitly rather than via RemoveFromParent())
[2018.05.15-01.19.50:265][461]PIE: UWidget::RemoveFromParent() called on '/Engine/Transient.ProgressBar_107' which has no UMG parent (if it was added directly to a native Slate widget via TakeWidget() then it must be removed explicitly rather than via RemoveFromParent())
[2018.05.15-01.19.50:267][461]PIE: UWidget::RemoveFromParent() called on '/Engine/Transient.ProgressBar_109' which has no UMG parent (if it was added directly to a native Slate widget via TakeWidget() then it must be removed explicitly rather than via RemoveFromParent())
[2018.05.15-01.19.50:269][461]PIE: UWidget::RemoveFromParent() called on '/Engine/Transient.ProgressBar_111' which has no UMG parent (if it was added directly to a native Slate widget via TakeWidget() then it must be removed explicitly rather than via RemoveFromParent())
[2018.05.15-01.19.50:281][462]PIE: UWidget::RemoveFromParent() called on '/Engine/Transient.ProgressBar_113' which has no UMG parent (if it was added directly to a native Slate widget via TakeWidget() then it must be removed explicitly rather than via RemoveFromParent())
[2018.05.15-01.19.50:284][462]PIE: UWidget::RemoveFromParent() called on '/Engine/Transient.ProgressBar_115' which has no UMG parent (if it was added directly to a native Slate widget via TakeWidget() then it must be removed explicitly rather than via RemoveFromParent())
[2018.05.15-01.19.50:295][463]PIE: UWidget::RemoveFromParent() called on '/Engine/Transient.ProgressBar_117' which has no UMG parent (if it was added directly to a native Slate widget via TakeWidget() then it must be removed explicitly rather than via RemoveFromParent())
[2018.05.15-01.19.50:298][463]PIE: UWidget::RemoveFromParent() called on '/Engine/Transient.ProgressBar_119' which has no UMG parent (if it was added directly to a native Slate widget via TakeWidget() then it must be removed explicitly rather than via RemoveFromParent())
[2018.05.15-01.19.50:311][464]PIE: UWidget::RemoveFromParent() called on '/Engine/Transient.ProgressBar_121' which has no UMG parent (if it was added directly to a native Slate widget via TakeWidget() then it must be removed explicitly rather than via RemoveFromParent())
[2018.05.15-01.19.50:313][464]PIE: UWidget::RemoveFromParent() called on '/Engine/Transient.ProgressBar_123' which has no UMG parent (if it was added directly to a native Slate widget via TakeWidget() then it must be removed explicitly rather than via RemoveFromParent())
[2018.05.15-01.19.50:325][465]PIE: UWidget::RemoveFromParent() called on '/Engine/Transient.ProgressBar_125' which has no UMG parent (if it was added directly to a native Slate widget via TakeWidget() then it must be removed explicitly rather than via RemoveFromParent())
[2018.05.15-01.19.50:327][465]PIE: UWidget::RemoveFromParent() called on '/Engine/Transient.ProgressBar_127' which has no UMG parent (if it was added directly to a native Slate widget via TakeWidget() then it must be removed explicitly rather than via RemoveFromParent())
[2018.05.15-01.19.50:340][466]PIE: UWidget::RemoveFromParent() called on '/Engine/Transient.ProgressBar_129' which has no UMG parent (if it was added directly to a native Slate widget via TakeWidget() then it must be removed explicitly rather than via RemoveFromParent())
[2018.05.15-01.19.50:352][467]PIE: UWidget::RemoveFromParent() called on '/Engine/Transient.ProgressBar_131' which has no UMG parent (if it was added directly to a native Slate widget via TakeWidget() then it must be removed explicitly rather than via RemoveFromParent())
[2018.05.15-01.19.50:355][467]PIE: UWidget::RemoveFromParent() called on '/Engine/Transient.ProgressBar_133' which has no UMG parent (if it was added directly to a native Slate widget via TakeWidget() then it must be removed explicitly rather than via RemoveFromParent())
[2018.05.15-01.19.50:367][468]PIE: UWidget::RemoveFromParent() called on '/Engine/Transient.ProgressBar_135' which has no UMG parent (if it was added directly to a native Slate widget via TakeWidget() then it must be removed explicitly rather than via RemoveFromParent())
[2018.05.15-01.19.50:369][468]PIE: UWidget::RemoveFromParent() called on '/Engine/Transient.ProgressBar_137' which has no UMG parent (if it was added directly to a native Slate widget via TakeWidget() then it must be removed explicitly rather than via RemoveFromParent())
[2018.05.15-01.19.50:382][469]PIE: UWidget::RemoveFromParent() called on '/Engine/Transient.ProgressBar_139' which has no UMG parent (if it was added directly to a native Slate widget via TakeWidget() then it must be removed explicitly rather than via RemoveFromParent())
[2018.05.15-01.19.50:395][470]PIE: UWidget::RemoveFromParent() called on '/Engine/Transient.ProgressBar_141' which has no UMG parent (if it was added directly to a native Slate widget via TakeWidget() then it must be removed explicitly rather than via RemoveFromParent())
[2018.05.15-01.19.50:408][471]PIE: UWidget::RemoveFromParent() called on '/Engine/Transient.ProgressBar_143' which has no UMG parent (if it was added directly to a native Slate widget via TakeWidget() then it must be removed explicitly rather than via RemoveFromParent())
[2018.05.15-01.19.50:422][472]PIE: UWidget::RemoveFromParent() called on '/Engine/Transient.ProgressBar_145' which has no UMG parent (if it was added directly to a native Slate widget via TakeWidget() then it must be removed explicitly rather than via RemoveFromParent())
[2018.05.15-01.19.50:435][473]PIE: UWidget::RemoveFromParent() called on '/Engine/Transient.ProgressBar_147' which has no UMG parent (if it was added directly to a native Slate widget via TakeWidget() then it must be removed explicitly rather than via RemoveFromParent())
[2018.05.15-01.19.50:448][474]PIE: UWidget::RemoveFromParent() called on '/Engine/Transient.ProgressBar_149' which has no UMG parent (if it was added directly to a native Slate widget via TakeWidget() then it must be removed explicitly rather than via RemoveFromParent())
[2018.05.15-01.19.50:461][475]PIE: UWidget::RemoveFromParent() called on '/Engine/Transient.ProgressBar_151' which has no UMG parent (if it was added directly to a native Slate widget via TakeWidget() then it must be removed explicitly rather than via RemoveFromParent())
[2018.05.15-01.19.50:476][476]PIE: UWidget::RemoveFromParent() called on '/Engine/Transient.ProgressBar_153' which has no UMG parent (if it was added directly to a native Slate widget via TakeWidget() then it must be removed explicitly rather than via RemoveFromParent())
[2018.05.15-01.19.50:488][477]PIE: UWidget::RemoveFromParent() called on '/Engine/Transient.ProgressBar_155' which has no UMG parent (if it was added directly to a native Slate widget via TakeWidget() then it must be removed explicitly rather than via RemoveFromParent())
[2018.05.15-01.19.50:491][477]PIE: UWidget::RemoveFromParent() called on '/Engine/Transient.ProgressBar_157' which has no UMG parent (if it was added directly to a native Slate widget via TakeWidget() then it must be removed explicitly rather than via RemoveFromParent())
[2018.05.15-01.19.50:503][478]PIE: UWidget::RemoveFromParent() called on '/Engine/Transient.ProgressBar_159' which has no UMG parent (if it was added directly to a native Slate widget via TakeWidget() then it must be removed explicitly rather than via RemoveFromParent())
[2018.05.15-01.19.50:515][479]PIE: UWidget::RemoveFromParent() called on '/Engine/Transient.ProgressBar_161' which has no UMG parent (if it was added directly to a native Slate widget via TakeWidget() then it must be removed explicitly rather than via RemoveFromParent())
[2018.05.15-01.19.50:518][479]PIE: UWidget::RemoveFromParent() called on '/Engine/Transient.ProgressBar_163' which has no UMG parent (if it was added directly to a native Slate widget via TakeWidget() then it must be removed explicitly rather than via RemoveFromParent())
[2018.05.15-01.19.50:530][480]PIE: UWidget::RemoveFromParent() called on '/Engine/Transient.ProgressBar_165' which has no UMG parent (if it was added directly to a native Slate widget via TakeWidget() then it must be removed explicitly rather than via RemoveFromParent())
[2018.05.15-01.19.50:543][481]PIE: UWidget::RemoveFromParent() called on '/Engine/Transient.ProgressBar_167' which has no UMG parent (if it was added directly to a native Slate widget via TakeWidget() then it must be removed explicitly rather than via RemoveFromParent())
[2018.05.15-01.19.50:557][482]PIE: UWidget::RemoveFromParent() called on '/Engine/Transient.ProgressBar_169' which has no UMG parent (if it was added directly to a native Slate widget via TakeWidget() then it must be removed explicitly rather than via RemoveFromParent())
[2018.05.15-01.19.50:570][483]PIE: UWidget::RemoveFromParent() called on '/Engine/Transient.ProgressBar_171' which has no UMG parent (if it was added directly to a native Slate widget via TakeWidget() then it must be removed explicitly rather than via RemoveFromParent())
[2018.05.15-01.19.50:583][484]PIE: UWidget::RemoveFromParent() called on '/Engine/Transient.ProgressBar_173' which has no UMG parent (if it was added directly to a native Slate widget via TakeWidget() then it must be removed explicitly rather than via RemoveFromParent())
[2018.05.15-01.19.50:595][485]PIE: UWidget::RemoveFromParent() called on '/Engine/Transient.ProgressBar_175' which has no UMG parent (if it was added directly to a native Slate widget via TakeWidget() then it must be removed explicitly rather than via RemoveFromParent())
[2018.05.15-01.19.50:597][485]PIE: UWidget::RemoveFromParent() called on '/Engine/Transient.ProgressBar_177' which has no UMG parent (if it was added directly to a native Slate widget via TakeWidget() then it must be removed explicitly rather than via RemoveFromParent())
[2018.05.15-01.19.50:610][486]PIE: UWidget::RemoveFromParent() called on '/Engine/Transient.ProgressBar_179' which has no UMG parent (if it was added directly to a native Slate widget via TakeWidget() then it must be removed explicitly rather than via RemoveFromParent())
[2018.05.15-01.19.50:612][486]PIE: UWidget::RemoveFromParent() called on '/Engine/Transient.ProgressBar_181' which has no UMG parent (if it was added directly to a native Slate widget via TakeWidget() then it must be removed explicitly rather than via RemoveFromParent())
[2018.05.15-01.19.50:625][487]PIE: UWidget::RemoveFromParent() called on '/Engine/Transient.ProgressBar_183' which has no UMG parent (if it was added directly to a native Slate widget via TakeWidget() then it must be removed explicitly rather than via RemoveFromParent())
[2018.05.15-01.19.50:627][487]PIE: UWidget::RemoveFromParent() called on '/Engine/Transient.ProgressBar_185' which has no UMG parent (if it was added directly to a native Slate widget via TakeWidget() then it must be removed explicitly rather than via RemoveFromParent())
[2018.05.15-01.19.50:640][488]PIE: UWidget::RemoveFromParent() called on '/Engine/Transient.ProgressBar_187' which has no UMG parent (if it was added directly to a native Slate widget via TakeWidget() then it must be removed explicitly rather than via RemoveFromParent())
[2018.05.15-01.19.50:652][489]PIE: UWidget::RemoveFromParent() called on '/Engine/Transient.ProgressBar_189' which has no UMG parent (if it was added directly to a native Slate widget via TakeWidget() then it must be removed explicitly rather than via RemoveFromParent())
[2018.05.15-01.19.50:653][489]PIE: UWidget::RemoveFromParent() called on '/Engine/Transient.ProgressBar_191' which has no UMG parent (if it was added directly to a native Slate widget via TakeWidget() then it must be removed explicitly rather than via RemoveFromParent())
[2018.05.15-01.19.50:655][489]PIE: UWidget::RemoveFromParent() called on '/Engine/Transient.ProgressBar_193' which has no UMG parent (if it was added directly to a native Slate widget via TakeWidget() then it must be removed explicitly rather than via RemoveFromParent())
[2018.05.15-01.19.50:667][490]PIE: UWidget::RemoveFromParent() called on '/Engine/Transient.ProgressBar_195' which has no UMG parent (if it was added directly to a native Slate widget via TakeWidget() then it must be removed explicitly rather than via RemoveFromParent())
[2018.05.15-01.19.50:669][490]PIE: UWidget::RemoveFromParent() called on '/Engine/Transient.ProgressBar_197' which has no UMG parent (if it was added directly to a native Slate widget via TakeWidget() then it must be removed explicitly rather than via RemoveFromParent())
[2018.05.15-01.19.50:682][491]PIE: UWidget::RemoveFromParent() called on '/Engine/Transient.ProgressBar_199' which has no UMG parent (if it was added directly to a native Slate widget via TakeWidget() then it must be removed explicitly rather than via RemoveFromParent())
[2018.05.15-01.19.50:696][492]PIE: UWidget::RemoveFromParent() called on '/Engine/Transient.ProgressBar_201' which has no UMG parent (if it was added directly to a native Slate widget via TakeWidget() then it must be removed explicitly rather than via RemoveFromParent())
[2018.05.15-01.19.50:709][493]PIE: UWidget::RemoveFromParent() called on '/Engine/Transient.ProgressBar_203' which has no UMG parent (if it was added directly to a native Slate widget via TakeWidget() then it must be removed explicitly rather than via RemoveFromParent())
[2018.05.15-01.19.50:723][494]PIE: UWidget::RemoveFromParent() called on '/Engine/Transient.ProgressBar_205' which has no UMG parent (if it was added directly to a native Slate widget via TakeWidget() then it must be removed explicitly rather than via RemoveFromParent())
[2018.05.15-01.19.50:736][495]PIE: UWidget::RemoveFromParent() called on '/Engine/Transient.ProgressBar_207' which has no UMG parent (if it was added directly to a native Slate widget via TakeWidget() then it must be removed explicitly rather than via RemoveFromParent())
[2018.05.15-01.19.50:749][496]PIE: UWidget::RemoveFromParent() called on '/Engine/Transient.ProgressBar_209' which has no UMG parent (if it was added directly to a native Slate widget via TakeWidget() then it must be removed explicitly rather than via RemoveFromParent())
[2018.05.15-01.19.50:762][497]PIE: UWidget::RemoveFromParent() called on '/Engine/Transient.ProgressBar_211' which has no UMG parent (if it was added directly to a native Slate widget via TakeWidget() then it must be removed explicitly rather than via RemoveFromParent())
[2018.05.15-01.19.50:775][498]PIE: UWidget::RemoveFromParent() called on '/Engine/Transient.ProgressBar_213' which has no UMG parent (if it was added directly to a native Slate widget via TakeWidget() then it must be removed explicitly rather than via RemoveFromParent())
[2018.05.15-01.19.50:788][499]PIE: UWidget::RemoveFromParent() called on '/Engine/Transient.ProgressBar_215' which has no UMG parent (if it was added directly to a native Slate widget via TakeWidget() then it must be removed explicitly rather than via RemoveFromParent())
[2018.05.15-01.19.50:801][500]PIE: UWidget::RemoveFromParent() called on '/Engine/Transient.ProgressBar_217' which has no UMG parent (if it was added directly to a native Slate widget via TakeWidget() then it must be removed explicitly rather than via RemoveFromParent())
[2018.05.15-01.19.50:814][501]PIE: UWidget::RemoveFromParent() called on '/Engine/Transient.ProgressBar_219' which has no UMG parent (if it was added directly to a native Slate widget via TakeWidget() then it must be removed explicitly rather than via RemoveFromParent())
[2018.05.15-01.19.50:828][502]PIE: UWidget::RemoveFromParent() called on '/Engine/Transient.ProgressBar_221' which has no UMG parent (if it was added directly to a native Slate widget via TakeWidget() then it must be removed explicitly rather than via RemoveFromParent())
[2018.05.15-01.19.50:841][503]PIE: UWidget::RemoveFromParent() called on '/Engine/Transient.ProgressBar_223' which has no UMG parent (if it was added directly to a native Slate widget via TakeWidget() then it must be removed explicitly rather than via RemoveFromParent())
[2018.05.15-01.19.50:855][504]PIE: UWidget::RemoveFromParent() called on '/Engine/Transient.ProgressBar_225' which has no UMG parent (if it was added directly to a native Slate widget via TakeWidget() then it must be removed explicitly rather than via RemoveFromParent())
[2018.05.15-01.19.50:868][505]PIE: UWidget::RemoveFromParent() called on '/Engine/Transient.ProgressBar_227' which has no UMG parent (if it was added directly to a native Slate widget via TakeWidget() then it must be removed explicitly rather than via RemoveFromParent())
[2018.05.15-01.19.50:881][506]PIE: UWidget::RemoveFromParent() called on '/Engine/Transient.ProgressBar_229' which has no UMG parent (if it was added directly to a native Slate widget via TakeWidget() then it must be removed explicitly rather than via RemoveFromParent())
[2018.05.15-01.19.50:894][507]PIE: UWidget::RemoveFromParent() called on '/Engine/Transient.ProgressBar_231' which has no UMG parent (if it was added directly to a native Slate widget via TakeWidget() then it must be removed explicitly rather than via RemoveFromParent())
[2018.05.15-01.19.50:907][508]PIE: UWidget::RemoveFromParent() called on '/Engine/Transient.ProgressBar_233' which has no UMG parent (if it was added directly to a native Slate widget via TakeWidget() then it must be removed explicitly rather than via RemoveFromParent())
[2018.05.15-01.19.50:920][509]PIE: UWidget::RemoveFromParent() called on '/Engine/Transient.ProgressBar_235' which has no UMG parent (if it was added directly to a native Slate widget via TakeWidget() then it must be removed explicitly rather than via RemoveFromParent())
[2018.05.15-01.19.50:931][510]PIE: UWidget::RemoveFromParent() called on '/Engine/Transient.ProgressBar_237' which has no UMG parent (if it was added directly to a native Slate widget via TakeWidget() then it must be removed explicitly rather than via RemoveFromParent())
[2018.05.15-01.19.50:933][510]PIE: UWidget::RemoveFromParent() called on '/Engine/Transient.ProgressBar_239' which has no UMG parent (if it was added directly to a native Slate widget via TakeWidget() then it must be removed explicitly rather than via RemoveFromParent())
[2018.05.15-01.19.50:946][511]PIE: UWidget::RemoveFromParent() called on '/Engine/Transient.ProgressBar_241' which has no UMG parent (if it was added directly to a native Slate widget via TakeWidget() then it must be removed explicitly rather than via RemoveFromParent())
[2018.05.15-01.19.50:948][511]PIE: UWidget::RemoveFromParent() called on '/Engine/Transient.ProgressBar_243' which has no UMG parent (if it was added directly to a native Slate widget via TakeWidget() then it must be removed explicitly rather than via RemoveFromParent())
[2018.05.15-01.19.50:961][512]PIE: UWidget::RemoveFromParent() called on '/Engine/Transient.ProgressBar_245' which has no UMG parent (if it was added directly to a native Slate widget via TakeWidget() then it must be removed explicitly rather than via RemoveFromParent())
[2018.05.15-01.19.50:963][512]PIE: UWidget::RemoveFromParent() called on '/Engine/Transient.ProgressBar_247' which has no UMG parent (if it was added directly to a native Slate widget via TakeWidget() then it must be removed explicitly rather than via RemoveFromParent())
[2018.05.15-01.19.50:976][513]PIE: UWidget::RemoveFromParent() called on '/Engine/Transient.ProgressBar_249' which has no UMG parent (if it was added directly to a native Slate widget via TakeWidget() then it must be removed explicitly rather than via RemoveFromParent())
[2018.05.15-01.19.50:989][514]PIE: UWidget::RemoveFromParent() called on '/Engine/Transient.ProgressBar_251' which has no UMG parent (if it was added directly to a native Slate widget via TakeWidget() then it must be removed explicitly rather than via RemoveFromParent())
[2018.05.15-01.19.51:003][515]PIE: UWidget::RemoveFromParent() called on '/Engine/Transient.ProgressBar_253' which has no UMG parent (if it was added directly to a native Slate widget via TakeWidget() then it must be removed explicitly rather than via RemoveFromParent())
[2018.05.15-01.19.51:016][516]PIE: UWidget::RemoveFromParent() called on '/Engine/Transient.ProgressBar_255' which has no UMG parent (if it was added directly to a native Slate widget via TakeWidget() then it must be removed explicitly rather than via RemoveFromParent())
[2018.05.15-01.19.51:029][517]PIE: UWidget::RemoveFromParent() called on '/Engine/Transient.ProgressBar_257' which has no UMG parent (if it was added directly to a native Slate widget via TakeWidget() then it must be removed explicitly rather than via RemoveFromParent())
[2018.05.15-01.19.51:043][518]PIE: UWidget::RemoveFromParent() called on '/Engine/Transient.ProgressBar_259' which has no UMG parent (if it was added directly to a native Slate widget via TakeWidget() then it must be removed explicitly rather than via RemoveFromParent())
[2018.05.15-01.19.51:057][519]PIE: UWidget::RemoveFromParent() called on '/Engine/Transient.ProgressBar_261' which has no UMG parent (if it was added directly to a native Slate widget via TakeWidget() then it must be removed explicitly rather than via RemoveFromParent())
[2018.05.15-01.19.51:070][520]PIE: UWidget::RemoveFromParent() called on '/Engine/Transient.ProgressBar_263' which has no UMG parent (if it was added directly to a native Slate widget via TakeWidget() then it must be removed explicitly rather than via RemoveFromParent())
[2018.05.15-01.19.51:083][521]PIE: UWidget::RemoveFromParent() called on '/Engine/Transient.ProgressBar_265' which has no UMG parent (if it was added directly to a native Slate widget via TakeWidget() then it must be removed explicitly rather than via RemoveFromParent())
[2018.05.15-01.19.51:096][522]PIE: UWidget::RemoveFromParent() called on '/Engine/Transient.ProgressBar_267' which has no UMG parent (if it was added directly to a native Slate widget via TakeWidget() then it must be removed explicitly rather than via RemoveFromParent())
[2018.05.15-01.19.51:109][523]PIE: UWidget::RemoveFromParent() called on '/Engine/Transient.ProgressBar_269' which has no UMG parent (if it was added directly to a native Slate widget via TakeWidget() then it must be removed explicitly rather than via RemoveFromParent())
[2018.05.15-01.19.51:122][524]PIE: UWidget::RemoveFromParent() called on '/Engine/Transient.ProgressBar_271' which has no UMG parent (if it was added directly to a native Slate widget via TakeWidget() then it must be removed explicitly rather than via RemoveFromParent())
[2018.05.15-01.19.51:135][525]PIE: UWidget::RemoveFromParent() called on '/Engine/Transient.ProgressBar_273' which has no UMG parent (if it was added directly to a native Slate widget via TakeWidget() then it must be removed explicitly rather than via RemoveFromParent())
[2018.05.15-01.20.50:458][114]LogSlate: Window 'Color Picker' being destroyed
[2018.05.15-01.21.08:984][484]BlueprintLog: New page: Compile StaminaBar
[2018.05.15-01.21.09:165][484]LogUObjectGlobals: Destroyed PersistentFrame Addr=0x000001538c408ea0, Size=40
[2018.05.15-01.21.09:859][528]Cmd: OBJ SAVEPACKAGE PACKAGE="/Game/blueprints/StaminaBar" FILE="C:/Users/Spencir/Documents/Unreal Projects/DarksoulsSwag/FunSouls/Content/blueprints/StaminaBar.uasset" SILENT=true
[2018.05.15-01.21.09:877][528]LogSavePackage: Save=15.48ms
[2018.05.15-01.21.09:877][528]LogSavePackage: Moving 'C:/Users/Spencir/Documents/Unreal Projects/DarksoulsSwag/FunSouls/Saved/StaminaBarC077B917484A26647B1289923D69A673.tmp' to 'C:/Users/Spencir/Documents/Unreal Projects/DarksoulsSwag/FunSouls/Content/blueprints/StaminaBar.uasset'
[2018.05.15-01.21.09:879][528]LogSavePackage: Display: Finished SavePackage C:/Users/Spencir/Documents/Unreal Projects/DarksoulsSwag/FunSouls/Content/blueprints/StaminaBar.uasset
[2018.05.15-01.21.20:862][401]LogSlate: Took 0.022202 seconds to synchronously load lazily loaded font '../../../Engine/Content/Slate/Fonts/Roboto-Italic.ttf' (157K)
[2018.05.15-01.21.34:752][571]BlueprintLog: New page: Compile ThirdPersonCharacter
[2018.05.15-01.21.34:782][571]LogUObjectGlobals: Destroyed PersistentFrame Addr=0x000001538c3bee80, Size=568
[2018.05.15-01.21.34:782][571]LogUObjectGlobals: Created PersistentFrame Addr=0x0000015419f40b80, Size=568, Default__ThirdPersonCharacter_C Function /Engine/Transient.REINST_ThirdPersonCharacter_C_47:ExecuteUbergraph_ThirdPersonCharacter
[2018.05.15-01.21.34:789][571]LogUObjectGlobals: Created PersistentFrame Addr=0x0000015419f45d00, Size=568, Default__ThirdPersonCharacter_C Function /Game/blueprints/ThirdPersonCharacter.ThirdPersonCharacter_C:ExecuteUbergraph_ThirdPersonCharacter
[2018.05.15-01.21.51:749][125]LogUObjectGlobals: Created PersistentFrame Addr=0x000001541c6910f8, Size=4, Default__SKEL_ThirdPersonCharacter_C Function /Game/blueprints/ThirdPersonCharacter.SKEL_ThirdPersonCharacter_C:ExecuteUbergraph_ThirdPersonCharacter
[2018.05.15-01.22.20:839][890]BlueprintLog: New page: Compile ThirdPersonCharacter
[2018.05.15-01.22.20:854][890]LogUObjectGlobals: Destroyed PersistentFrame Addr=0x000001541c6910f8, Size=4
[2018.05.15-01.22.20:854][890]LogUObjectGlobals: Created PersistentFrame Addr=0x000001541ad5dd08, Size=4, Default__SKEL_ThirdPersonCharacter_C Function /Engine/Transient.REINST_SKEL_ThirdPersonCharacter_C_51:ExecuteUbergraph_ThirdPersonCharacter
[2018.05.15-01.22.20:869][890]LogUObjectGlobals: Destroyed PersistentFrame Addr=0x0000015419f45d00, Size=568
[2018.05.15-01.22.20:869][890]LogUObjectGlobals: Created PersistentFrame Addr=0x0000015419f40e00, Size=568, ThirdPersonCharacter_C_27 Function /Engine/Transient.REINST_ThirdPersonCharacter_C_53:ExecuteUbergraph_ThirdPersonCharacter
[2018.05.15-01.22.20:877][890]LogUObjectGlobals: Created PersistentFrame Addr=0x0000015419417d80, Size=576, Default__ThirdPersonCharacter_C Function /Game/blueprints/ThirdPersonCharacter.ThirdPersonCharacter_C:ExecuteUbergraph_ThirdPersonCharacter
[2018.05.15-01.22.21:068][890]LogUObjectGlobals: Destroyed PersistentFrame Addr=0x000001541ad5dd08, Size=4
[2018.05.15-01.22.21:625][931]Cmd: OBJ SAVEPACKAGE PACKAGE="/Game/blueprints/ThirdPersonCharacter" FILE="C:/Users/Spencir/Documents/Unreal Projects/DarksoulsSwag/FunSouls/Content/blueprints/ThirdPersonCharacter.uasset" SILENT=true
[2018.05.15-01.22.21:969][931]LogSavePackage: Save=335.00ms
[2018.05.15-01.22.21:969][931]LogSavePackage: Moving 'C:/Users/Spencir/Documents/Unreal Projects/DarksoulsSwag/FunSouls/Saved/ThirdPersonCharacterCCADAAE447EB32F4CA88CDB44C3EB142.tmp' to 'C:/Users/Spencir/Documents/Unreal Projects/DarksoulsSwag/FunSouls/Content/blueprints/ThirdPersonCharacter.uasset'
[2018.05.15-01.22.21:973][931]LogSavePackage: Display: Finished SavePackage C:/Users/Spencir/Documents/Unreal Projects/DarksoulsSwag/FunSouls/Content/blueprints/ThirdPersonCharacter.uasset
[2018.05.15-01.22.30:152][682]Cmd: OBJ SAVEPACKAGE PACKAGE="/Game/blueprints/ThirdPersonCharacter" FILE="C:/Users/Spencir/Documents/Unreal Projects/DarksoulsSwag/FunSouls/Content/blueprints/ThirdPersonCharacter.uasset" SILENT=true
[2018.05.15-01.22.30:207][682]LogSavePackage: Save=49.58ms
[2018.05.15-01.22.30:207][682]LogSavePackage: Moving 'C:/Users/Spencir/Documents/Unreal Projects/DarksoulsSwag/FunSouls/Saved/ThirdPersonCharacter3897E4D04F8626BFF68722BC6B316092.tmp' to 'C:/Users/Spencir/Documents/Unreal Projects/DarksoulsSwag/FunSouls/Content/blueprints/ThirdPersonCharacter.uasset'
[2018.05.15-01.22.30:210][682]LogSavePackage: Display: Finished SavePackage C:/Users/Spencir/Documents/Unreal Projects/DarksoulsSwag/FunSouls/Content/blueprints/ThirdPersonCharacter.uasset
[2018.05.15-01.22.30:853][743]BlueprintLog: New page: Compile ThirdPersonCharacter
[2018.05.15-01.22.30:882][743]LogUObjectGlobals: Destroyed PersistentFrame Addr=0x0000015419417d80, Size=576
[2018.05.15-01.22.30:882][743]LogUObjectGlobals: Created PersistentFrame Addr=0x0000015419f46200, Size=576, ThirdPersonCharacter_C_45 Function /Engine/Transient.REINST_ThirdPersonCharacter_C_57:ExecuteUbergraph_ThirdPersonCharacter
[2018.05.15-01.22.30:889][743]LogUObjectGlobals: Created PersistentFrame Addr=0x0000015419b86980, Size=576, Default__ThirdPersonCharacter_C Function /Game/blueprints/ThirdPersonCharacter.ThirdPersonCharacter_C:ExecuteUbergraph_ThirdPersonCharacter
[2018.05.15-01.22.31:082][743]LogUObjectGlobals: Destroyed PersistentFrame Addr=0x0000015419f40e00, Size=568
[2018.05.15-01.22.32:932][927]LogUObjectGlobals: Destroyed PersistentFrame Addr=0x0000015419f46200, Size=576
[2018.05.15-01.22.32:945][927]LogUObjectGlobals: Destroyed PersistentFrame Addr=0x000001538c408ba8, Size=40
[2018.05.15-01.22.32:945][927]LogUObjectGlobals: Created PersistentFrame Addr=0x000001541baaf308, Size=40, Default__ThirdPersonExampleMap_C Function /Engine/Transient.REINST_ThirdPersonExampleMap_C_61:ExecuteUbergraph_ThirdPersonExampleMap
[2018.05.15-01.22.32:946][927]LogUObjectGlobals: Created PersistentFrame Addr=0x000001541baaf178, Size=40, Default__ThirdPersonExampleMap_C Function /Game/ThirdPersonBP/Maps/ThirdPersonExampleMap.ThirdPersonExampleMap_C:ExecuteUbergraph_ThirdPersonExampleMap
[2018.05.15-01.22.33:048][927]LogSavePackage: Save=104.87ms
[2018.05.15-01.22.33:048][927]LogSavePackage: Moving 'C:/Users/Spencir/Documents/Unreal Projects/DarksoulsSwag/FunSouls/Saved/ThirdPersonExampleMap45DE61C44F6E2FF7233C5B9E52EDEC7A.tmp' to 'C:/Users/Spencir/Documents/Unreal Projects/DarksoulsSwag/FunSouls/Content/ThirdPersonBP/Maps/ThirdPersonExampleMap.umap'
[2018.05.15-01.22.33:051][927]LogSavePackage: Display: Finished SavePackage C:/Users/Spencir/Documents/Unreal Projects/DarksoulsSwag/FunSouls/Content/ThirdPersonBP/Maps/ThirdPersonExampleMap.umap
[2018.05.15-01.22.33:202][927]LogSavePackage: Save=112.00ms
[2018.05.15-01.22.33:202][927]LogSavePackage: Moving 'C:/Users/Spencir/Documents/Unreal Projects/DarksoulsSwag/FunSouls/Saved/ThirdPersonExampleMap_BuiltDataA40EA7CB40E8BC2B38F414B0F964A9FC.tmp' to 'C:/Users/Spencir/Documents/Unreal Projects/DarksoulsSwag/FunSouls/Content/ThirdPersonBP/Maps/ThirdPersonExampleMap_BuiltData.uasset'
[2018.05.15-01.22.33:203][927]LogSavePackage: Display: Finished SavePackage C:/Users/Spencir/Documents/Unreal Projects/DarksoulsSwag/FunSouls/Content/ThirdPersonBP/Maps/ThirdPersonExampleMap_BuiltData.uasset
[2018.05.15-01.22.35:100][150]LogUObjectGlobals: Destroyed PersistentFrame Addr=0x000001541baaf308, Size=40
